2025-03-30,18:34:49.116 [INFO] (sql_implementation) (root): Locator: obo:mondo
2025-03-30,18:34:49.117 [INFO] (sql_implementation) (root): Ensuring gunzipped for https://s3.amazonaws.com/bbop-sqlite/mondo.db.gz
2025-03-30,18:34:49.117 [INFO] (sql_implementation) (root): Locator, post-processed: sqlite:////Users/twhetzel/.data/oaklib/mondo.db
2025-03-30,18:34:49.127 [INFO] (base) (sqlalchemy.engine.Engine): BEGIN (implicit)
2025-03-30,18:34:49.127 [INFO] (base) (sqlalchemy.engine.Engine): SELECT ontology_node.id AS ontology_node_id 
FROM ontology_node
2025-03-30,18:34:49.127 [INFO] (base) (sqlalchemy.engine.Engine): [generated in 0.00006s] ()
2025-03-30,18:34:49.543 [INFO] (base) (sqlalchemy.engine.Engine): SELECT statements.subject AS statements_subject, statements.predicate AS statements_predicate, statements.object AS statements_object, statements.value AS statements_value, statements.datatype AS statements_datatype, statements.language AS statements_language 
FROM statements 
WHERE statements.subject = ?
2025-03-30,18:34:49.543 [INFO] (base) (sqlalchemy.engine.Engine): [generated in 0.00011s] ('obo:mondo.owl',)
2025-03-30,18:34:49.544 [INFO] (base) (sqlalchemy.engine.Engine): SELECT prefix.prefix AS prefix_prefix, prefix.base AS prefix_base 
FROM prefix
2025-03-30,18:34:49.544 [INFO] (base) (sqlalchemy.engine.Engine): [generated in 0.00004s] ()
2025-03-30,18:34:49.957 [INFO] (base) (sqlalchemy.engine.Engine): SELECT DISTINCT statements.subject AS statements_subject 
FROM statements 
WHERE statements.predicate IN (?) AND statements.value LIKE ?
2025-03-30,18:34:49.957 [INFO] (base) (sqlalchemy.engine.Engine): [generated in 0.00040s] ('rdfs:label', 'Bacterial endocardosis')
2025-03-30,18:34:50.008 [INFO] (base) (sqlalchemy.engine.Engine): SELECT DISTINCT statements.subject AS statements_subject 
FROM statements 
WHERE statements.predicate IN (?) AND statements.value LIKE ?
2025-03-30,18:34:50.008 [INFO] (base) (sqlalchemy.engine.Engine): [cached since 0.05082s ago] ('rdfs:label', 'Dev. delay not otherwise specified')
2025-03-30,18:34:50.044 [INFO] (base) (sqlalchemy.engine.Engine): SELECT DISTINCT statements.subject AS statements_subject 
FROM statements 
WHERE statements.predicate IN (?) AND statements.value LIKE ?
2025-03-30,18:34:50.044 [INFO] (base) (sqlalchemy.engine.Engine): [cached since 0.0869s ago] ('rdfs:label', 'Mitral valve regurgitation')
2025-03-30,18:34:50.076 [INFO] (base) (sqlalchemy.engine.Engine): SELECT DISTINCT statements.subject AS statements_subject 
FROM statements 
WHERE statements.predicate IN (?) AND statements.value LIKE ?
2025-03-30,18:34:50.076 [INFO] (base) (sqlalchemy.engine.Engine): [cached since 0.1191s ago] ('rdfs:label', 'Pulmonary hypertension')
2025-03-30,18:34:50.109 [INFO] (base) (sqlalchemy.engine.Engine): SELECT rdfs_label_statement.value AS rdfs_label_statement_value 
FROM rdfs_label_statement 
WHERE rdfs_label_statement.subject = ?
2025-03-30,18:34:50.109 [INFO] (base) (sqlalchemy.engine.Engine): [generated in 0.00012s] ('MONDO:0005149',)
2025-03-30,18:34:50.111 [INFO] (base) (sqlalchemy.engine.Engine): SELECT DISTINCT statements.subject AS statements_subject 
FROM statements 
WHERE statements.predicate IN (?) AND statements.value LIKE ?
2025-03-30,18:34:50.111 [INFO] (base) (sqlalchemy.engine.Engine): [cached since 0.1542s ago] ('rdfs:label', 'Positive antimicrosomal antibodies')
2025-03-30,18:34:50.143 [INFO] (base) (sqlalchemy.engine.Engine): SELECT DISTINCT statements.subject AS statements_subject 
FROM statements 
WHERE statements.predicate IN (?) AND statements.value LIKE ?
2025-03-30,18:34:50.143 [INFO] (base) (sqlalchemy.engine.Engine): [cached since 0.1858s ago] ('rdfs:label', 'Positive TPO or Tg antibodies')
2025-03-30,18:34:50.175 [INFO] (base) (sqlalchemy.engine.Engine): SELECT DISTINCT statements.subject AS statements_subject 
FROM statements 
WHERE statements.predicate IN (?) AND statements.value LIKE ?
2025-03-30,18:34:50.175 [INFO] (base) (sqlalchemy.engine.Engine): [cached since 0.218s ago] ('rdfs:label', 'Rash')
2025-03-30,18:34:50.206 [INFO] (base) (sqlalchemy.engine.Engine): SELECT DISTINCT statements.subject AS statements_subject 
FROM statements 
WHERE statements.predicate IN (?) AND statements.value LIKE ?
2025-03-30,18:34:50.206 [INFO] (base) (sqlalchemy.engine.Engine): [cached since 0.2494s ago] ('rdfs:label', 'Cognitive disorder not otherwise specified')
2025-03-30,18:34:50.239 [INFO] (base) (sqlalchemy.engine.Engine): SELECT DISTINCT statements.subject AS statements_subject 
FROM statements 
WHERE statements.predicate IN (?) AND statements.value LIKE ?
2025-03-30,18:34:50.239 [INFO] (base) (sqlalchemy.engine.Engine): [cached since 0.2817s ago] ('rdfs:label', 'Epilepsy')
2025-03-30,18:34:50.270 [INFO] (base) (sqlalchemy.engine.Engine): SELECT rdfs_label_statement.value AS rdfs_label_statement_value 
FROM rdfs_label_statement 
WHERE rdfs_label_statement.subject = ?
2025-03-30,18:34:50.270 [INFO] (base) (sqlalchemy.engine.Engine): [cached since 0.1614s ago] ('MONDO:0005027',)
2025-03-30,18:34:50.271 [INFO] (base) (sqlalchemy.engine.Engine): SELECT DISTINCT statements.subject AS statements_subject 
FROM statements 
WHERE statements.predicate IN (?) AND statements.value LIKE ?
2025-03-30,18:34:50.271 [INFO] (base) (sqlalchemy.engine.Engine): [cached since 0.3144s ago] ('rdfs:label', 'Growth hormone deficiency')
2025-03-30,18:34:50.304 [INFO] (base) (sqlalchemy.engine.Engine): SELECT DISTINCT statements.subject AS statements_subject 
FROM statements 
WHERE statements.predicate IN (?) AND statements.value LIKE ?
2025-03-30,18:34:50.304 [INFO] (base) (sqlalchemy.engine.Engine): [cached since 0.3466s ago] ('rdfs:label', 'Medication-induced movement disorder not otherwise specified')
2025-03-30,18:34:50.335 [INFO] (base) (sqlalchemy.engine.Engine): SELECT DISTINCT statements.subject AS statements_subject 
FROM statements 
WHERE statements.predicate IN (?) AND statements.value LIKE ?
2025-03-30,18:34:50.335 [INFO] (base) (sqlalchemy.engine.Engine): [cached since 0.3782s ago] ('rdfs:label', 'official_ds_diagnosis - \nPartial Trisomy 21 (only a part of chromosome 21 is present in 3 copies)')
2025-03-30,18:34:50.367 [INFO] (base) (sqlalchemy.engine.Engine): SELECT DISTINCT statements.subject AS statements_subject 
FROM statements 
WHERE statements.predicate IN (?) AND statements.value LIKE ?
2025-03-30,18:34:50.368 [INFO] (base) (sqlalchemy.engine.Engine): [cached since 0.4105s ago] ('rdfs:label', 'Other psych history')
2025-03-30,18:34:50.399 [INFO] (base) (sqlalchemy.engine.Engine): SELECT DISTINCT statements.subject AS statements_subject 
FROM statements 
WHERE statements.predicate IN (?) AND statements.value LIKE ?
2025-03-30,18:34:50.399 [INFO] (base) (sqlalchemy.engine.Engine): [cached since 0.4421s ago] ('rdfs:label', 'Single ventricle anomalies')
2025-03-30,18:34:50.431 [INFO] (base) (sqlalchemy.engine.Engine): SELECT DISTINCT statements.subject AS statements_subject 
FROM statements 
WHERE statements.predicate IN (?) AND statements.value LIKE ?
2025-03-30,18:34:50.431 [INFO] (base) (sqlalchemy.engine.Engine): [cached since 0.4744s ago] ('rdfs:label', 'Sleep hypoxia')
2025-03-30,18:34:50.462 [INFO] (base) (sqlalchemy.engine.Engine): SELECT DISTINCT statements.subject AS statements_subject 
FROM statements 
WHERE statements.predicate IN (?) AND statements.value LIKE ?
2025-03-30,18:34:50.462 [INFO] (base) (sqlalchemy.engine.Engine): [cached since 0.5055s ago] ('rdfs:label', 'Anal stenosis')
2025-03-30,18:34:50.495 [INFO] (base) (sqlalchemy.engine.Engine): SELECT rdfs_label_statement.value AS rdfs_label_statement_value 
FROM rdfs_label_statement 
WHERE rdfs_label_statement.subject = ?
2025-03-30,18:34:50.495 [INFO] (base) (sqlalchemy.engine.Engine): [cached since 0.3858s ago] ('HP:0002025',)
2025-03-30,18:34:50.496 [INFO] (base) (sqlalchemy.engine.Engine): SELECT DISTINCT statements.subject AS statements_subject 
FROM statements 
WHERE statements.predicate IN (?) AND statements.value LIKE ?
2025-03-30,18:34:50.496 [INFO] (base) (sqlalchemy.engine.Engine): [cached since 0.5393s ago] ('rdfs:label', 'Recurrent otitis media')
2025-03-30,18:34:50.528 [INFO] (base) (sqlalchemy.engine.Engine): SELECT DISTINCT statements.subject AS statements_subject 
FROM statements 
WHERE statements.predicate IN (?) AND statements.value LIKE ?
2025-03-30,18:34:50.528 [INFO] (base) (sqlalchemy.engine.Engine): [cached since 0.5707s ago] ('rdfs:label', 'Eustachian tube dysfunction')
2025-03-30,18:34:50.560 [INFO] (base) (sqlalchemy.engine.Engine): SELECT DISTINCT statements.subject AS statements_subject 
FROM statements 
WHERE statements.predicate IN (?) AND statements.value LIKE ?
2025-03-30,18:34:50.560 [INFO] (base) (sqlalchemy.engine.Engine): [cached since 0.603s ago] ('rdfs:label', 'Infantile spasms')
2025-03-30,18:34:50.591 [INFO] (base) (sqlalchemy.engine.Engine): SELECT rdfs_label_statement.value AS rdfs_label_statement_value 
FROM rdfs_label_statement 
WHERE rdfs_label_statement.subject = ?
2025-03-30,18:34:50.591 [INFO] (base) (sqlalchemy.engine.Engine): [cached since 0.4824s ago] ('MONDO:0018097',)
2025-03-30,18:34:50.593 [INFO] (base) (sqlalchemy.engine.Engine): SELECT DISTINCT statements.subject AS statements_subject 
FROM statements 
WHERE statements.predicate IN (?) AND statements.value LIKE ?
2025-03-30,18:34:50.593 [INFO] (base) (sqlalchemy.engine.Engine): [cached since 0.636s ago] ('rdfs:label', 'Neonatal recurrent infections')
2025-03-30,18:34:50.625 [INFO] (base) (sqlalchemy.engine.Engine): SELECT DISTINCT statements.subject AS statements_subject 
FROM statements 
WHERE statements.predicate IN (?) AND statements.value LIKE ?
2025-03-30,18:34:50.625 [INFO] (base) (sqlalchemy.engine.Engine): [cached since 0.668s ago] ('rdfs:label', 'Nystagmus')
2025-03-30,18:34:50.656 [INFO] (base) (sqlalchemy.engine.Engine): SELECT DISTINCT statements.subject AS statements_subject 
FROM statements 
WHERE statements.predicate IN (?) AND statements.value LIKE ?
2025-03-30,18:34:50.656 [INFO] (base) (sqlalchemy.engine.Engine): [cached since 0.6994s ago] ('rdfs:label', 'Obstructive hypoventilation')
2025-03-30,18:34:50.689 [INFO] (base) (sqlalchemy.engine.Engine): SELECT DISTINCT statements.subject AS statements_subject 
FROM statements 
WHERE statements.predicate IN (?) AND statements.value LIKE ?
2025-03-30,18:34:50.689 [INFO] (base) (sqlalchemy.engine.Engine): [cached since 0.7318s ago] ('rdfs:label', "Crohn's disease/Ulcerative colitis")
2025-03-30,18:34:50.720 [INFO] (base) (sqlalchemy.engine.Engine): SELECT DISTINCT statements.subject AS statements_subject 
FROM statements 
WHERE statements.predicate IN (?) AND statements.value LIKE ?
2025-03-30,18:34:50.720 [INFO] (base) (sqlalchemy.engine.Engine): [cached since 0.7632s ago] ('rdfs:label', 'Duodenal atresia/stenosis')
2025-03-30,18:34:50.752 [INFO] (base) (sqlalchemy.engine.Engine): SELECT DISTINCT statements.subject AS statements_subject 
FROM statements 
WHERE statements.predicate IN (?) AND statements.value LIKE ?
2025-03-30,18:34:50.752 [INFO] (base) (sqlalchemy.engine.Engine): [cached since 0.7954s ago] ('rdfs:label', 'Learning difficulty')
2025-03-30,18:34:50.784 [INFO] (base) (sqlalchemy.engine.Engine): SELECT DISTINCT statements.subject AS statements_subject 
FROM statements 
WHERE statements.predicate IN (?) AND statements.value LIKE ?
2025-03-30,18:34:50.784 [INFO] (base) (sqlalchemy.engine.Engine): [cached since 0.8269s ago] ('rdfs:label', 'Learning disorder not otherwise specified')
2025-03-30,18:34:50.820 [INFO] (base) (sqlalchemy.engine.Engine): SELECT DISTINCT statements.subject AS statements_subject 
FROM statements 
WHERE statements.predicate IN (?, ?, ?, ?, ?, ?, ?) AND statements.value LIKE ?
2025-03-30,18:34:50.820 [INFO] (base) (sqlalchemy.engine.Engine): [cached since 0.8633s ago] ('rdfs:label', 'oio:hasRelatedSynonym', 'oio:hasNarrowSynonym', 'oio:hasExactSynonym', 'oio:hasBroadSynonym', 'skos:altLabel', 'IAO:0000118', 'Bacterial endocardosis')
2025-03-30,18:34:50.899 [INFO] (base) (sqlalchemy.engine.Engine): SELECT DISTINCT statements.subject AS statements_subject 
FROM statements 
WHERE statements.predicate IN (?, ?, ?, ?, ?, ?, ?) AND statements.value LIKE ?
2025-03-30,18:34:50.899 [INFO] (base) (sqlalchemy.engine.Engine): [cached since 0.942s ago] ('rdfs:label', 'oio:hasRelatedSynonym', 'oio:hasNarrowSynonym', 'oio:hasExactSynonym', 'oio:hasBroadSynonym', 'skos:altLabel', 'IAO:0000118', 'Dev. delay not otherwise specified')
2025-03-30,18:34:50.968 [INFO] (base) (sqlalchemy.engine.Engine): SELECT DISTINCT statements.subject AS statements_subject 
FROM statements 
WHERE statements.predicate IN (?, ?, ?, ?, ?, ?, ?) AND statements.value LIKE ?
2025-03-30,18:34:50.968 [INFO] (base) (sqlalchemy.engine.Engine): [cached since 1.011s ago] ('rdfs:label', 'oio:hasRelatedSynonym', 'oio:hasNarrowSynonym', 'oio:hasExactSynonym', 'oio:hasBroadSynonym', 'skos:altLabel', 'IAO:0000118', 'Mitral valve regurgitation')
2025-03-30,18:34:51.036 [INFO] (base) (sqlalchemy.engine.Engine): SELECT DISTINCT statements.subject AS statements_subject 
FROM statements 
WHERE statements.predicate IN (?, ?, ?, ?, ?, ?, ?) AND statements.value LIKE ?
2025-03-30,18:34:51.036 [INFO] (base) (sqlalchemy.engine.Engine): [cached since 1.079s ago] ('rdfs:label', 'oio:hasRelatedSynonym', 'oio:hasNarrowSynonym', 'oio:hasExactSynonym', 'oio:hasBroadSynonym', 'skos:altLabel', 'IAO:0000118', 'Positive antimicrosomal antibodies')
2025-03-30,18:34:51.105 [INFO] (base) (sqlalchemy.engine.Engine): SELECT DISTINCT statements.subject AS statements_subject 
FROM statements 
WHERE statements.predicate IN (?, ?, ?, ?, ?, ?, ?) AND statements.value LIKE ?
2025-03-30,18:34:51.105 [INFO] (base) (sqlalchemy.engine.Engine): [cached since 1.148s ago] ('rdfs:label', 'oio:hasRelatedSynonym', 'oio:hasNarrowSynonym', 'oio:hasExactSynonym', 'oio:hasBroadSynonym', 'skos:altLabel', 'IAO:0000118', 'Positive TPO or Tg antibodies')
2025-03-30,18:34:51.174 [INFO] (base) (sqlalchemy.engine.Engine): SELECT DISTINCT statements.subject AS statements_subject 
FROM statements 
WHERE statements.predicate IN (?, ?, ?, ?, ?, ?, ?) AND statements.value LIKE ?
2025-03-30,18:34:51.174 [INFO] (base) (sqlalchemy.engine.Engine): [cached since 1.217s ago] ('rdfs:label', 'oio:hasRelatedSynonym', 'oio:hasNarrowSynonym', 'oio:hasExactSynonym', 'oio:hasBroadSynonym', 'skos:altLabel', 'IAO:0000118', 'Rash')
2025-03-30,18:34:51.242 [INFO] (base) (sqlalchemy.engine.Engine): SELECT rdfs_label_statement.value AS rdfs_label_statement_value 
FROM rdfs_label_statement 
WHERE rdfs_label_statement.subject = ?
2025-03-30,18:34:51.243 [INFO] (base) (sqlalchemy.engine.Engine): [cached since 1.134s ago] ('MONDO:0006547',)
2025-03-30,18:34:51.244 [INFO] (base) (sqlalchemy.engine.Engine): SELECT DISTINCT statements.subject AS statements_subject 
FROM statements 
WHERE statements.predicate IN (?, ?, ?, ?, ?, ?, ?) AND statements.value LIKE ?
2025-03-30,18:34:51.244 [INFO] (base) (sqlalchemy.engine.Engine): [cached since 1.287s ago] ('rdfs:label', 'oio:hasRelatedSynonym', 'oio:hasNarrowSynonym', 'oio:hasExactSynonym', 'oio:hasBroadSynonym', 'skos:altLabel', 'IAO:0000118', 'Cognitive disorder not otherwise specified')
2025-03-30,18:34:51.315 [INFO] (base) (sqlalchemy.engine.Engine): SELECT DISTINCT statements.subject AS statements_subject 
FROM statements 
WHERE statements.predicate IN (?, ?, ?, ?, ?, ?, ?) AND statements.value LIKE ?
2025-03-30,18:34:51.315 [INFO] (base) (sqlalchemy.engine.Engine): [cached since 1.358s ago] ('rdfs:label', 'oio:hasRelatedSynonym', 'oio:hasNarrowSynonym', 'oio:hasExactSynonym', 'oio:hasBroadSynonym', 'skos:altLabel', 'IAO:0000118', 'Growth hormone deficiency')
2025-03-30,18:34:51.384 [INFO] (base) (sqlalchemy.engine.Engine): SELECT DISTINCT statements.subject AS statements_subject 
FROM statements 
WHERE statements.predicate IN (?, ?, ?, ?, ?, ?, ?) AND statements.value LIKE ?
2025-03-30,18:34:51.384 [INFO] (base) (sqlalchemy.engine.Engine): [cached since 1.427s ago] ('rdfs:label', 'oio:hasRelatedSynonym', 'oio:hasNarrowSynonym', 'oio:hasExactSynonym', 'oio:hasBroadSynonym', 'skos:altLabel', 'IAO:0000118', 'Medication-induced movement disorder not otherwise specified')
2025-03-30,18:34:51.452 [INFO] (base) (sqlalchemy.engine.Engine): SELECT DISTINCT statements.subject AS statements_subject 
FROM statements 
WHERE statements.predicate IN (?, ?, ?, ?, ?, ?, ?) AND statements.value LIKE ?
2025-03-30,18:34:51.452 [INFO] (base) (sqlalchemy.engine.Engine): [cached since 1.495s ago] ('rdfs:label', 'oio:hasRelatedSynonym', 'oio:hasNarrowSynonym', 'oio:hasExactSynonym', 'oio:hasBroadSynonym', 'skos:altLabel', 'IAO:0000118', 'official_ds_diagnosis - \nPartial Trisomy 21 (only a part of chromosome 21 is present in 3 copies)')
2025-03-30,18:34:51.521 [INFO] (base) (sqlalchemy.engine.Engine): SELECT DISTINCT statements.subject AS statements_subject 
FROM statements 
WHERE statements.predicate IN (?, ?, ?, ?, ?, ?, ?) AND statements.value LIKE ?
2025-03-30,18:34:51.521 [INFO] (base) (sqlalchemy.engine.Engine): [cached since 1.564s ago] ('rdfs:label', 'oio:hasRelatedSynonym', 'oio:hasNarrowSynonym', 'oio:hasExactSynonym', 'oio:hasBroadSynonym', 'skos:altLabel', 'IAO:0000118', 'Other psych history')
2025-03-30,18:34:51.590 [INFO] (base) (sqlalchemy.engine.Engine): SELECT DISTINCT statements.subject AS statements_subject 
FROM statements 
WHERE statements.predicate IN (?, ?, ?, ?, ?, ?, ?) AND statements.value LIKE ?
2025-03-30,18:34:51.590 [INFO] (base) (sqlalchemy.engine.Engine): [cached since 1.633s ago] ('rdfs:label', 'oio:hasRelatedSynonym', 'oio:hasNarrowSynonym', 'oio:hasExactSynonym', 'oio:hasBroadSynonym', 'skos:altLabel', 'IAO:0000118', 'Single ventricle anomalies')
2025-03-30,18:34:51.659 [INFO] (base) (sqlalchemy.engine.Engine): SELECT DISTINCT statements.subject AS statements_subject 
FROM statements 
WHERE statements.predicate IN (?, ?, ?, ?, ?, ?, ?) AND statements.value LIKE ?
2025-03-30,18:34:51.659 [INFO] (base) (sqlalchemy.engine.Engine): [cached since 1.702s ago] ('rdfs:label', 'oio:hasRelatedSynonym', 'oio:hasNarrowSynonym', 'oio:hasExactSynonym', 'oio:hasBroadSynonym', 'skos:altLabel', 'IAO:0000118', 'Sleep hypoxia')
2025-03-30,18:34:51.727 [INFO] (base) (sqlalchemy.engine.Engine): SELECT DISTINCT statements.subject AS statements_subject 
FROM statements 
WHERE statements.predicate IN (?, ?, ?, ?, ?, ?, ?) AND statements.value LIKE ?
2025-03-30,18:34:51.727 [INFO] (base) (sqlalchemy.engine.Engine): [cached since 1.77s ago] ('rdfs:label', 'oio:hasRelatedSynonym', 'oio:hasNarrowSynonym', 'oio:hasExactSynonym', 'oio:hasBroadSynonym', 'skos:altLabel', 'IAO:0000118', 'Anal stenosis')
2025-03-30,18:34:51.795 [INFO] (base) (sqlalchemy.engine.Engine): SELECT rdfs_label_statement.value AS rdfs_label_statement_value 
FROM rdfs_label_statement 
WHERE rdfs_label_statement.subject = ?
2025-03-30,18:34:51.795 [INFO] (base) (sqlalchemy.engine.Engine): [cached since 1.686s ago] ('MONDO:0001046',)
2025-03-30,18:34:51.797 [INFO] (base) (sqlalchemy.engine.Engine): SELECT rdfs_label_statement.value AS rdfs_label_statement_value 
FROM rdfs_label_statement 
WHERE rdfs_label_statement.subject = ?
2025-03-30,18:34:51.797 [INFO] (base) (sqlalchemy.engine.Engine): [cached since 1.688s ago] ('HP:0002025',)
2025-03-30,18:34:51.797 [INFO] (base) (sqlalchemy.engine.Engine): SELECT DISTINCT statements.subject AS statements_subject 
FROM statements 
WHERE statements.predicate IN (?, ?, ?, ?, ?, ?, ?) AND statements.value LIKE ?
2025-03-30,18:34:51.797 [INFO] (base) (sqlalchemy.engine.Engine): [cached since 1.84s ago] ('rdfs:label', 'oio:hasRelatedSynonym', 'oio:hasNarrowSynonym', 'oio:hasExactSynonym', 'oio:hasBroadSynonym', 'skos:altLabel', 'IAO:0000118', 'Recurrent otitis media')
2025-03-30,18:34:51.865 [INFO] (base) (sqlalchemy.engine.Engine): SELECT DISTINCT statements.subject AS statements_subject 
FROM statements 
WHERE statements.predicate IN (?, ?, ?, ?, ?, ?, ?) AND statements.value LIKE ?
2025-03-30,18:34:51.865 [INFO] (base) (sqlalchemy.engine.Engine): [cached since 1.908s ago] ('rdfs:label', 'oio:hasRelatedSynonym', 'oio:hasNarrowSynonym', 'oio:hasExactSynonym', 'oio:hasBroadSynonym', 'skos:altLabel', 'IAO:0000118', 'Eustachian tube dysfunction')
2025-03-30,18:34:51.934 [INFO] (base) (sqlalchemy.engine.Engine): SELECT DISTINCT statements.subject AS statements_subject 
FROM statements 
WHERE statements.predicate IN (?, ?, ?, ?, ?, ?, ?) AND statements.value LIKE ?
2025-03-30,18:34:51.934 [INFO] (base) (sqlalchemy.engine.Engine): [cached since 1.977s ago] ('rdfs:label', 'oio:hasRelatedSynonym', 'oio:hasNarrowSynonym', 'oio:hasExactSynonym', 'oio:hasBroadSynonym', 'skos:altLabel', 'IAO:0000118', 'Neonatal recurrent infections')
2025-03-30,18:34:52.006 [INFO] (base) (sqlalchemy.engine.Engine): SELECT DISTINCT statements.subject AS statements_subject 
FROM statements 
WHERE statements.predicate IN (?, ?, ?, ?, ?, ?, ?) AND statements.value LIKE ?
2025-03-30,18:34:52.006 [INFO] (base) (sqlalchemy.engine.Engine): [cached since 2.049s ago] ('rdfs:label', 'oio:hasRelatedSynonym', 'oio:hasNarrowSynonym', 'oio:hasExactSynonym', 'oio:hasBroadSynonym', 'skos:altLabel', 'IAO:0000118', 'Nystagmus')
2025-03-30,18:34:52.083 [INFO] (base) (sqlalchemy.engine.Engine): SELECT rdfs_label_statement.value AS rdfs_label_statement_value 
FROM rdfs_label_statement 
WHERE rdfs_label_statement.subject = ?
2025-03-30,18:34:52.083 [INFO] (base) (sqlalchemy.engine.Engine): [cached since 1.974s ago] ('MONDO:0005712',)
2025-03-30,18:34:52.084 [INFO] (base) (sqlalchemy.engine.Engine): SELECT DISTINCT statements.subject AS statements_subject 
FROM statements 
WHERE statements.predicate IN (?, ?, ?, ?, ?, ?, ?) AND statements.value LIKE ?
2025-03-30,18:34:52.084 [INFO] (base) (sqlalchemy.engine.Engine): [cached since 2.127s ago] ('rdfs:label', 'oio:hasRelatedSynonym', 'oio:hasNarrowSynonym', 'oio:hasExactSynonym', 'oio:hasBroadSynonym', 'skos:altLabel', 'IAO:0000118', 'Obstructive hypoventilation')
2025-03-30,18:34:52.153 [INFO] (base) (sqlalchemy.engine.Engine): SELECT DISTINCT statements.subject AS statements_subject 
FROM statements 
WHERE statements.predicate IN (?, ?, ?, ?, ?, ?, ?) AND statements.value LIKE ?
2025-03-30,18:34:52.153 [INFO] (base) (sqlalchemy.engine.Engine): [cached since 2.196s ago] ('rdfs:label', 'oio:hasRelatedSynonym', 'oio:hasNarrowSynonym', 'oio:hasExactSynonym', 'oio:hasBroadSynonym', 'skos:altLabel', 'IAO:0000118', "Crohn's disease/Ulcerative colitis")
2025-03-30,18:34:52.222 [INFO] (base) (sqlalchemy.engine.Engine): SELECT DISTINCT statements.subject AS statements_subject 
FROM statements 
WHERE statements.predicate IN (?, ?, ?, ?, ?, ?, ?) AND statements.value LIKE ?
2025-03-30,18:34:52.222 [INFO] (base) (sqlalchemy.engine.Engine): [cached since 2.265s ago] ('rdfs:label', 'oio:hasRelatedSynonym', 'oio:hasNarrowSynonym', 'oio:hasExactSynonym', 'oio:hasBroadSynonym', 'skos:altLabel', 'IAO:0000118', 'Duodenal atresia/stenosis')
2025-03-30,18:34:52.290 [INFO] (base) (sqlalchemy.engine.Engine): SELECT DISTINCT statements.subject AS statements_subject 
FROM statements 
WHERE statements.predicate IN (?, ?, ?, ?, ?, ?, ?) AND statements.value LIKE ?
2025-03-30,18:34:52.290 [INFO] (base) (sqlalchemy.engine.Engine): [cached since 2.333s ago] ('rdfs:label', 'oio:hasRelatedSynonym', 'oio:hasNarrowSynonym', 'oio:hasExactSynonym', 'oio:hasBroadSynonym', 'skos:altLabel', 'IAO:0000118', 'Learning difficulty')
2025-03-30,18:34:52.359 [INFO] (base) (sqlalchemy.engine.Engine): SELECT DISTINCT statements.subject AS statements_subject 
FROM statements 
WHERE statements.predicate IN (?, ?, ?, ?, ?, ?, ?) AND statements.value LIKE ?
2025-03-30,18:34:52.359 [INFO] (base) (sqlalchemy.engine.Engine): [cached since 2.402s ago] ('rdfs:label', 'oio:hasRelatedSynonym', 'oio:hasNarrowSynonym', 'oio:hasExactSynonym', 'oio:hasBroadSynonym', 'skos:altLabel', 'IAO:0000118', 'Learning disorder not otherwise specified')
2025-03-30,18:34:52.429 [INFO] (sql_implementation) (root): Locator: obo:hp
2025-03-30,18:34:52.429 [INFO] (sql_implementation) (root): Ensuring gunzipped for https://s3.amazonaws.com/bbop-sqlite/hp.db.gz
2025-03-30,18:34:52.430 [INFO] (sql_implementation) (root): Locator, post-processed: sqlite:////Users/twhetzel/.data/oaklib/hp.db
2025-03-30,18:34:52.432 [INFO] (base) (sqlalchemy.engine.Engine): BEGIN (implicit)
2025-03-30,18:34:52.432 [INFO] (base) (sqlalchemy.engine.Engine): SELECT ontology_node.id AS ontology_node_id 
FROM ontology_node
2025-03-30,18:34:52.432 [INFO] (base) (sqlalchemy.engine.Engine): [generated in 0.00006s] ()
2025-03-30,18:34:52.558 [INFO] (base) (sqlalchemy.engine.Engine): SELECT statements.subject AS statements_subject, statements.predicate AS statements_predicate, statements.object AS statements_object, statements.value AS statements_value, statements.datatype AS statements_datatype, statements.language AS statements_language 
FROM statements 
WHERE statements.subject = ?
2025-03-30,18:34:52.558 [INFO] (base) (sqlalchemy.engine.Engine): [generated in 0.00011s] ('obo:hp.owl',)
2025-03-30,18:34:52.559 [INFO] (base) (sqlalchemy.engine.Engine): SELECT prefix.prefix AS prefix_prefix, prefix.base AS prefix_base 
FROM prefix
2025-03-30,18:34:52.559 [INFO] (base) (sqlalchemy.engine.Engine): [generated in 0.00005s] ()
2025-03-30,18:34:52.565 [INFO] (base) (sqlalchemy.engine.Engine): SELECT DISTINCT statements.subject AS statements_subject 
FROM statements 
WHERE statements.predicate IN (?) AND statements.value LIKE ?
2025-03-30,18:34:52.565 [INFO] (base) (sqlalchemy.engine.Engine): [generated in 0.00008s] ('rdfs:label', 'Bacterial endocardosis')
2025-03-30,18:34:52.583 [INFO] (base) (sqlalchemy.engine.Engine): SELECT DISTINCT statements.subject AS statements_subject 
FROM statements 
WHERE statements.predicate IN (?) AND statements.value LIKE ?
2025-03-30,18:34:52.583 [INFO] (base) (sqlalchemy.engine.Engine): [cached since 0.01798s ago] ('rdfs:label', 'Dev. delay not otherwise specified')
2025-03-30,18:34:52.600 [INFO] (base) (sqlalchemy.engine.Engine): SELECT DISTINCT statements.subject AS statements_subject 
FROM statements 
WHERE statements.predicate IN (?) AND statements.value LIKE ?
2025-03-30,18:34:52.600 [INFO] (base) (sqlalchemy.engine.Engine): [cached since 0.03518s ago] ('rdfs:label', 'Mitral valve regurgitation')
2025-03-30,18:34:52.620 [INFO] (base) (sqlalchemy.engine.Engine): SELECT DISTINCT statements.subject AS statements_subject 
FROM statements 
WHERE statements.predicate IN (?) AND statements.value LIKE ?
2025-03-30,18:34:52.620 [INFO] (base) (sqlalchemy.engine.Engine): [cached since 0.05464s ago] ('rdfs:label', 'Pulmonary hypertension')
2025-03-30,18:34:52.637 [INFO] (base) (sqlalchemy.engine.Engine): SELECT DISTINCT statements.subject AS statements_subject 
FROM statements 
WHERE statements.predicate IN (?) AND statements.value LIKE ?
2025-03-30,18:34:52.637 [INFO] (base) (sqlalchemy.engine.Engine): [cached since 0.07219s ago] ('rdfs:label', 'Positive antimicrosomal antibodies')
2025-03-30,18:34:52.654 [INFO] (base) (sqlalchemy.engine.Engine): SELECT DISTINCT statements.subject AS statements_subject 
FROM statements 
WHERE statements.predicate IN (?) AND statements.value LIKE ?
2025-03-30,18:34:52.654 [INFO] (base) (sqlalchemy.engine.Engine): [cached since 0.08892s ago] ('rdfs:label', 'Positive TPO or Tg antibodies')
2025-03-30,18:34:52.670 [INFO] (base) (sqlalchemy.engine.Engine): SELECT DISTINCT statements.subject AS statements_subject 
FROM statements 
WHERE statements.predicate IN (?) AND statements.value LIKE ?
2025-03-30,18:34:52.670 [INFO] (base) (sqlalchemy.engine.Engine): [cached since 0.105s ago] ('rdfs:label', 'Rash')
2025-03-30,18:34:52.687 [INFO] (base) (sqlalchemy.engine.Engine): SELECT DISTINCT statements.subject AS statements_subject 
FROM statements 
WHERE statements.predicate IN (?) AND statements.value LIKE ?
2025-03-30,18:34:52.687 [INFO] (base) (sqlalchemy.engine.Engine): [cached since 0.1216s ago] ('rdfs:label', 'Cognitive disorder not otherwise specified')
2025-03-30,18:34:52.703 [INFO] (base) (sqlalchemy.engine.Engine): SELECT DISTINCT statements.subject AS statements_subject 
FROM statements 
WHERE statements.predicate IN (?) AND statements.value LIKE ?
2025-03-30,18:34:52.703 [INFO] (base) (sqlalchemy.engine.Engine): [cached since 0.1377s ago] ('rdfs:label', 'Epilepsy')
2025-03-30,18:34:52.719 [INFO] (base) (sqlalchemy.engine.Engine): SELECT DISTINCT statements.subject AS statements_subject 
FROM statements 
WHERE statements.predicate IN (?) AND statements.value LIKE ?
2025-03-30,18:34:52.719 [INFO] (base) (sqlalchemy.engine.Engine): [cached since 0.1537s ago] ('rdfs:label', 'Growth hormone deficiency')
2025-03-30,18:34:52.735 [INFO] (base) (sqlalchemy.engine.Engine): SELECT DISTINCT statements.subject AS statements_subject 
FROM statements 
WHERE statements.predicate IN (?) AND statements.value LIKE ?
2025-03-30,18:34:52.735 [INFO] (base) (sqlalchemy.engine.Engine): [cached since 0.1702s ago] ('rdfs:label', 'Medication-induced movement disorder not otherwise specified')
2025-03-30,18:34:52.751 [INFO] (base) (sqlalchemy.engine.Engine): SELECT DISTINCT statements.subject AS statements_subject 
FROM statements 
WHERE statements.predicate IN (?) AND statements.value LIKE ?
2025-03-30,18:34:52.751 [INFO] (base) (sqlalchemy.engine.Engine): [cached since 0.1863s ago] ('rdfs:label', 'official_ds_diagnosis - \nPartial Trisomy 21 (only a part of chromosome 21 is present in 3 copies)')
2025-03-30,18:34:52.767 [INFO] (base) (sqlalchemy.engine.Engine): SELECT DISTINCT statements.subject AS statements_subject 
FROM statements 
WHERE statements.predicate IN (?) AND statements.value LIKE ?
2025-03-30,18:34:52.767 [INFO] (base) (sqlalchemy.engine.Engine): [cached since 0.2023s ago] ('rdfs:label', 'Other psych history')
2025-03-30,18:34:52.784 [INFO] (base) (sqlalchemy.engine.Engine): SELECT DISTINCT statements.subject AS statements_subject 
FROM statements 
WHERE statements.predicate IN (?) AND statements.value LIKE ?
2025-03-30,18:34:52.784 [INFO] (base) (sqlalchemy.engine.Engine): [cached since 0.2187s ago] ('rdfs:label', 'Single ventricle anomalies')
2025-03-30,18:34:52.800 [INFO] (base) (sqlalchemy.engine.Engine): SELECT DISTINCT statements.subject AS statements_subject 
FROM statements 
WHERE statements.predicate IN (?) AND statements.value LIKE ?
2025-03-30,18:34:52.800 [INFO] (base) (sqlalchemy.engine.Engine): [cached since 0.235s ago] ('rdfs:label', 'Sleep hypoxia')
2025-03-30,18:34:52.816 [INFO] (base) (sqlalchemy.engine.Engine): SELECT DISTINCT statements.subject AS statements_subject 
FROM statements 
WHERE statements.predicate IN (?) AND statements.value LIKE ?
2025-03-30,18:34:52.816 [INFO] (base) (sqlalchemy.engine.Engine): [cached since 0.2509s ago] ('rdfs:label', 'Anal stenosis')
2025-03-30,18:34:52.832 [INFO] (base) (sqlalchemy.engine.Engine): SELECT rdfs_label_statement.value AS rdfs_label_statement_value 
FROM rdfs_label_statement 
WHERE rdfs_label_statement.subject = ?
2025-03-30,18:34:52.833 [INFO] (base) (sqlalchemy.engine.Engine): [generated in 0.00011s] ('HP:0002025',)
2025-03-30,18:34:52.835 [INFO] (base) (sqlalchemy.engine.Engine): SELECT DISTINCT statements.subject AS statements_subject 
FROM statements 
WHERE statements.predicate IN (?) AND statements.value LIKE ?
2025-03-30,18:34:52.835 [INFO] (base) (sqlalchemy.engine.Engine): [cached since 0.2697s ago] ('rdfs:label', 'Recurrent otitis media')
2025-03-30,18:34:52.850 [INFO] (base) (sqlalchemy.engine.Engine): SELECT rdfs_label_statement.value AS rdfs_label_statement_value 
FROM rdfs_label_statement 
WHERE rdfs_label_statement.subject = ?
2025-03-30,18:34:52.850 [INFO] (base) (sqlalchemy.engine.Engine): [cached since 0.01783s ago] ('HP:0000403',)
2025-03-30,18:34:52.851 [INFO] (base) (sqlalchemy.engine.Engine): SELECT DISTINCT statements.subject AS statements_subject 
FROM statements 
WHERE statements.predicate IN (?) AND statements.value LIKE ?
2025-03-30,18:34:52.851 [INFO] (base) (sqlalchemy.engine.Engine): [cached since 0.2863s ago] ('rdfs:label', 'Eustachian tube dysfunction')
2025-03-30,18:34:52.867 [INFO] (base) (sqlalchemy.engine.Engine): SELECT DISTINCT statements.subject AS statements_subject 
FROM statements 
WHERE statements.predicate IN (?) AND statements.value LIKE ?
2025-03-30,18:34:52.867 [INFO] (base) (sqlalchemy.engine.Engine): [cached since 0.3021s ago] ('rdfs:label', 'Infantile spasms')
2025-03-30,18:34:52.884 [INFO] (base) (sqlalchemy.engine.Engine): SELECT rdfs_label_statement.value AS rdfs_label_statement_value 
FROM rdfs_label_statement 
WHERE rdfs_label_statement.subject = ?
2025-03-30,18:34:52.884 [INFO] (base) (sqlalchemy.engine.Engine): [cached since 0.05114s ago] ('HP:0012469',)
2025-03-30,18:34:52.885 [INFO] (base) (sqlalchemy.engine.Engine): SELECT DISTINCT statements.subject AS statements_subject 
FROM statements 
WHERE statements.predicate IN (?) AND statements.value LIKE ?
2025-03-30,18:34:52.885 [INFO] (base) (sqlalchemy.engine.Engine): [cached since 0.3196s ago] ('rdfs:label', 'Neonatal recurrent infections')
2025-03-30,18:34:52.901 [INFO] (base) (sqlalchemy.engine.Engine): SELECT DISTINCT statements.subject AS statements_subject 
FROM statements 
WHERE statements.predicate IN (?) AND statements.value LIKE ?
2025-03-30,18:34:52.901 [INFO] (base) (sqlalchemy.engine.Engine): [cached since 0.3357s ago] ('rdfs:label', 'Nystagmus')
2025-03-30,18:34:52.917 [INFO] (base) (sqlalchemy.engine.Engine): SELECT rdfs_label_statement.value AS rdfs_label_statement_value 
FROM rdfs_label_statement 
WHERE rdfs_label_statement.subject = ?
2025-03-30,18:34:52.917 [INFO] (base) (sqlalchemy.engine.Engine): [cached since 0.08456s ago] ('HP:0000639',)
2025-03-30,18:34:52.918 [INFO] (base) (sqlalchemy.engine.Engine): SELECT DISTINCT statements.subject AS statements_subject 
FROM statements 
WHERE statements.predicate IN (?) AND statements.value LIKE ?
2025-03-30,18:34:52.918 [INFO] (base) (sqlalchemy.engine.Engine): [cached since 0.3527s ago] ('rdfs:label', 'Obstructive hypoventilation')
2025-03-30,18:34:52.934 [INFO] (base) (sqlalchemy.engine.Engine): SELECT DISTINCT statements.subject AS statements_subject 
FROM statements 
WHERE statements.predicate IN (?) AND statements.value LIKE ?
2025-03-30,18:34:52.934 [INFO] (base) (sqlalchemy.engine.Engine): [cached since 0.3689s ago] ('rdfs:label', "Crohn's disease/Ulcerative colitis")
2025-03-30,18:34:52.950 [INFO] (base) (sqlalchemy.engine.Engine): SELECT DISTINCT statements.subject AS statements_subject 
FROM statements 
WHERE statements.predicate IN (?) AND statements.value LIKE ?
2025-03-30,18:34:52.950 [INFO] (base) (sqlalchemy.engine.Engine): [cached since 0.3848s ago] ('rdfs:label', 'Duodenal atresia/stenosis')
2025-03-30,18:34:52.966 [INFO] (base) (sqlalchemy.engine.Engine): SELECT DISTINCT statements.subject AS statements_subject 
FROM statements 
WHERE statements.predicate IN (?) AND statements.value LIKE ?
2025-03-30,18:34:52.966 [INFO] (base) (sqlalchemy.engine.Engine): [cached since 0.4014s ago] ('rdfs:label', 'Learning difficulty')
2025-03-30,18:34:52.982 [INFO] (base) (sqlalchemy.engine.Engine): SELECT DISTINCT statements.subject AS statements_subject 
FROM statements 
WHERE statements.predicate IN (?) AND statements.value LIKE ?
2025-03-30,18:34:52.982 [INFO] (base) (sqlalchemy.engine.Engine): [cached since 0.4174s ago] ('rdfs:label', 'Learning disorder not otherwise specified')
2025-03-30,18:34:53.001 [INFO] (base) (sqlalchemy.engine.Engine): SELECT DISTINCT statements.subject AS statements_subject 
FROM statements 
WHERE statements.predicate IN (?, ?, ?, ?, ?, ?, ?) AND statements.value LIKE ?
2025-03-30,18:34:53.001 [INFO] (base) (sqlalchemy.engine.Engine): [cached since 0.4362s ago] ('rdfs:label', 'oio:hasRelatedSynonym', 'oio:hasNarrowSynonym', 'oio:hasExactSynonym', 'oio:hasBroadSynonym', 'skos:altLabel', 'IAO:0000118', 'Bacterial endocardosis')
2025-03-30,18:34:53.043 [INFO] (base) (sqlalchemy.engine.Engine): SELECT DISTINCT statements.subject AS statements_subject 
FROM statements 
WHERE statements.predicate IN (?, ?, ?, ?, ?, ?, ?) AND statements.value LIKE ?
2025-03-30,18:34:53.044 [INFO] (base) (sqlalchemy.engine.Engine): [cached since 0.4785s ago] ('rdfs:label', 'oio:hasRelatedSynonym', 'oio:hasNarrowSynonym', 'oio:hasExactSynonym', 'oio:hasBroadSynonym', 'skos:altLabel', 'IAO:0000118', 'Dev. delay not otherwise specified')
2025-03-30,18:34:53.080 [INFO] (base) (sqlalchemy.engine.Engine): SELECT DISTINCT statements.subject AS statements_subject 
FROM statements 
WHERE statements.predicate IN (?, ?, ?, ?, ?, ?, ?) AND statements.value LIKE ?
2025-03-30,18:34:53.080 [INFO] (base) (sqlalchemy.engine.Engine): [cached since 0.5147s ago] ('rdfs:label', 'oio:hasRelatedSynonym', 'oio:hasNarrowSynonym', 'oio:hasExactSynonym', 'oio:hasBroadSynonym', 'skos:altLabel', 'IAO:0000118', 'Mitral valve regurgitation')
2025-03-30,18:34:53.116 [INFO] (base) (sqlalchemy.engine.Engine): SELECT rdfs_label_statement.value AS rdfs_label_statement_value 
FROM rdfs_label_statement 
WHERE rdfs_label_statement.subject = ?
2025-03-30,18:34:53.116 [INFO] (base) (sqlalchemy.engine.Engine): [cached since 0.2836s ago] ('HP:0001653',)
2025-03-30,18:34:53.118 [INFO] (base) (sqlalchemy.engine.Engine): SELECT DISTINCT statements.subject AS statements_subject 
FROM statements 
WHERE statements.predicate IN (?, ?, ?, ?, ?, ?, ?) AND statements.value LIKE ?
2025-03-30,18:34:53.118 [INFO] (base) (sqlalchemy.engine.Engine): [cached since 0.5529s ago] ('rdfs:label', 'oio:hasRelatedSynonym', 'oio:hasNarrowSynonym', 'oio:hasExactSynonym', 'oio:hasBroadSynonym', 'skos:altLabel', 'IAO:0000118', 'Pulmonary hypertension')
2025-03-30,18:34:53.154 [INFO] (base) (sqlalchemy.engine.Engine): SELECT DISTINCT statements.subject AS statements_subject 
FROM statements 
WHERE statements.predicate IN (?, ?, ?, ?, ?, ?, ?) AND statements.value LIKE ?
2025-03-30,18:34:53.154 [INFO] (base) (sqlalchemy.engine.Engine): [cached since 0.5892s ago] ('rdfs:label', 'oio:hasRelatedSynonym', 'oio:hasNarrowSynonym', 'oio:hasExactSynonym', 'oio:hasBroadSynonym', 'skos:altLabel', 'IAO:0000118', 'Positive antimicrosomal antibodies')
2025-03-30,18:34:53.191 [INFO] (base) (sqlalchemy.engine.Engine): SELECT DISTINCT statements.subject AS statements_subject 
FROM statements 
WHERE statements.predicate IN (?, ?, ?, ?, ?, ?, ?) AND statements.value LIKE ?
2025-03-30,18:34:53.191 [INFO] (base) (sqlalchemy.engine.Engine): [cached since 0.6257s ago] ('rdfs:label', 'oio:hasRelatedSynonym', 'oio:hasNarrowSynonym', 'oio:hasExactSynonym', 'oio:hasBroadSynonym', 'skos:altLabel', 'IAO:0000118', 'Positive TPO or Tg antibodies')
2025-03-30,18:34:53.228 [INFO] (base) (sqlalchemy.engine.Engine): SELECT DISTINCT statements.subject AS statements_subject 
FROM statements 
WHERE statements.predicate IN (?, ?, ?, ?, ?, ?, ?) AND statements.value LIKE ?
2025-03-30,18:34:53.229 [INFO] (base) (sqlalchemy.engine.Engine): [cached since 0.6635s ago] ('rdfs:label', 'oio:hasRelatedSynonym', 'oio:hasNarrowSynonym', 'oio:hasExactSynonym', 'oio:hasBroadSynonym', 'skos:altLabel', 'IAO:0000118', 'Rash')
2025-03-30,18:34:53.265 [INFO] (base) (sqlalchemy.engine.Engine): SELECT rdfs_label_statement.value AS rdfs_label_statement_value 
FROM rdfs_label_statement 
WHERE rdfs_label_statement.subject = ?
2025-03-30,18:34:53.265 [INFO] (base) (sqlalchemy.engine.Engine): [cached since 0.4329s ago] ('HP:0000988',)
2025-03-30,18:34:53.267 [INFO] (base) (sqlalchemy.engine.Engine): SELECT DISTINCT statements.subject AS statements_subject 
FROM statements 
WHERE statements.predicate IN (?, ?, ?, ?, ?, ?, ?) AND statements.value LIKE ?
2025-03-30,18:34:53.267 [INFO] (base) (sqlalchemy.engine.Engine): [cached since 0.702s ago] ('rdfs:label', 'oio:hasRelatedSynonym', 'oio:hasNarrowSynonym', 'oio:hasExactSynonym', 'oio:hasBroadSynonym', 'skos:altLabel', 'IAO:0000118', 'Cognitive disorder not otherwise specified')
2025-03-30,18:34:53.303 [INFO] (base) (sqlalchemy.engine.Engine): SELECT DISTINCT statements.subject AS statements_subject 
FROM statements 
WHERE statements.predicate IN (?, ?, ?, ?, ?, ?, ?) AND statements.value LIKE ?
2025-03-30,18:34:53.303 [INFO] (base) (sqlalchemy.engine.Engine): [cached since 0.7384s ago] ('rdfs:label', 'oio:hasRelatedSynonym', 'oio:hasNarrowSynonym', 'oio:hasExactSynonym', 'oio:hasBroadSynonym', 'skos:altLabel', 'IAO:0000118', 'Epilepsy')
2025-03-30,18:34:53.340 [INFO] (base) (sqlalchemy.engine.Engine): SELECT rdfs_label_statement.value AS rdfs_label_statement_value 
FROM rdfs_label_statement 
WHERE rdfs_label_statement.subject = ?
2025-03-30,18:34:53.340 [INFO] (base) (sqlalchemy.engine.Engine): [cached since 0.5073s ago] ('HP:0001250',)
2025-03-30,18:34:53.340 [INFO] (base) (sqlalchemy.engine.Engine): SELECT DISTINCT statements.subject AS statements_subject 
FROM statements 
WHERE statements.predicate IN (?, ?, ?, ?, ?, ?, ?) AND statements.value LIKE ?
2025-03-30,18:34:53.340 [INFO] (base) (sqlalchemy.engine.Engine): [cached since 0.7754s ago] ('rdfs:label', 'oio:hasRelatedSynonym', 'oio:hasNarrowSynonym', 'oio:hasExactSynonym', 'oio:hasBroadSynonym', 'skos:altLabel', 'IAO:0000118', 'Growth hormone deficiency')
2025-03-30,18:34:53.376 [INFO] (base) (sqlalchemy.engine.Engine): SELECT rdfs_label_statement.value AS rdfs_label_statement_value 
FROM rdfs_label_statement 
WHERE rdfs_label_statement.subject = ?
2025-03-30,18:34:53.376 [INFO] (base) (sqlalchemy.engine.Engine): [cached since 0.5438s ago] ('HP:0034323',)
2025-03-30,18:34:53.377 [INFO] (base) (sqlalchemy.engine.Engine): SELECT DISTINCT statements.subject AS statements_subject 
FROM statements 
WHERE statements.predicate IN (?, ?, ?, ?, ?, ?, ?) AND statements.value LIKE ?
2025-03-30,18:34:53.377 [INFO] (base) (sqlalchemy.engine.Engine): [cached since 0.8124s ago] ('rdfs:label', 'oio:hasRelatedSynonym', 'oio:hasNarrowSynonym', 'oio:hasExactSynonym', 'oio:hasBroadSynonym', 'skos:altLabel', 'IAO:0000118', 'Medication-induced movement disorder not otherwise specified')
2025-03-30,18:34:53.414 [INFO] (base) (sqlalchemy.engine.Engine): SELECT DISTINCT statements.subject AS statements_subject 
FROM statements 
WHERE statements.predicate IN (?, ?, ?, ?, ?, ?, ?) AND statements.value LIKE ?
2025-03-30,18:34:53.414 [INFO] (base) (sqlalchemy.engine.Engine): [cached since 0.8488s ago] ('rdfs:label', 'oio:hasRelatedSynonym', 'oio:hasNarrowSynonym', 'oio:hasExactSynonym', 'oio:hasBroadSynonym', 'skos:altLabel', 'IAO:0000118', 'official_ds_diagnosis - \nPartial Trisomy 21 (only a part of chromosome 21 is present in 3 copies)')
2025-03-30,18:34:53.450 [INFO] (base) (sqlalchemy.engine.Engine): SELECT DISTINCT statements.subject AS statements_subject 
FROM statements 
WHERE statements.predicate IN (?, ?, ?, ?, ?, ?, ?) AND statements.value LIKE ?
2025-03-30,18:34:53.450 [INFO] (base) (sqlalchemy.engine.Engine): [cached since 0.8855s ago] ('rdfs:label', 'oio:hasRelatedSynonym', 'oio:hasNarrowSynonym', 'oio:hasExactSynonym', 'oio:hasBroadSynonym', 'skos:altLabel', 'IAO:0000118', 'Other psych history')
2025-03-30,18:34:53.487 [INFO] (base) (sqlalchemy.engine.Engine): SELECT DISTINCT statements.subject AS statements_subject 
FROM statements 
WHERE statements.predicate IN (?, ?, ?, ?, ?, ?, ?) AND statements.value LIKE ?
2025-03-30,18:34:53.487 [INFO] (base) (sqlalchemy.engine.Engine): [cached since 0.922s ago] ('rdfs:label', 'oio:hasRelatedSynonym', 'oio:hasNarrowSynonym', 'oio:hasExactSynonym', 'oio:hasBroadSynonym', 'skos:altLabel', 'IAO:0000118', 'Single ventricle anomalies')
2025-03-30,18:34:53.524 [INFO] (base) (sqlalchemy.engine.Engine): SELECT DISTINCT statements.subject AS statements_subject 
FROM statements 
WHERE statements.predicate IN (?, ?, ?, ?, ?, ?, ?) AND statements.value LIKE ?
2025-03-30,18:34:53.524 [INFO] (base) (sqlalchemy.engine.Engine): [cached since 0.9586s ago] ('rdfs:label', 'oio:hasRelatedSynonym', 'oio:hasNarrowSynonym', 'oio:hasExactSynonym', 'oio:hasBroadSynonym', 'skos:altLabel', 'IAO:0000118', 'Sleep hypoxia')
2025-03-30,18:34:53.560 [INFO] (base) (sqlalchemy.engine.Engine): SELECT DISTINCT statements.subject AS statements_subject 
FROM statements 
WHERE statements.predicate IN (?, ?, ?, ?, ?, ?, ?) AND statements.value LIKE ?
2025-03-30,18:34:53.560 [INFO] (base) (sqlalchemy.engine.Engine): [cached since 0.9951s ago] ('rdfs:label', 'oio:hasRelatedSynonym', 'oio:hasNarrowSynonym', 'oio:hasExactSynonym', 'oio:hasBroadSynonym', 'skos:altLabel', 'IAO:0000118', 'Eustachian tube dysfunction')
2025-03-30,18:34:53.597 [INFO] (base) (sqlalchemy.engine.Engine): SELECT DISTINCT statements.subject AS statements_subject 
FROM statements 
WHERE statements.predicate IN (?, ?, ?, ?, ?, ?, ?) AND statements.value LIKE ?
2025-03-30,18:34:53.597 [INFO] (base) (sqlalchemy.engine.Engine): [cached since 1.032s ago] ('rdfs:label', 'oio:hasRelatedSynonym', 'oio:hasNarrowSynonym', 'oio:hasExactSynonym', 'oio:hasBroadSynonym', 'skos:altLabel', 'IAO:0000118', 'Neonatal recurrent infections')
2025-03-30,18:34:53.633 [INFO] (base) (sqlalchemy.engine.Engine): SELECT DISTINCT statements.subject AS statements_subject 
FROM statements 
WHERE statements.predicate IN (?, ?, ?, ?, ?, ?, ?) AND statements.value LIKE ?
2025-03-30,18:34:53.633 [INFO] (base) (sqlalchemy.engine.Engine): [cached since 1.068s ago] ('rdfs:label', 'oio:hasRelatedSynonym', 'oio:hasNarrowSynonym', 'oio:hasExactSynonym', 'oio:hasBroadSynonym', 'skos:altLabel', 'IAO:0000118', 'Obstructive hypoventilation')
2025-03-30,18:34:53.669 [INFO] (base) (sqlalchemy.engine.Engine): SELECT DISTINCT statements.subject AS statements_subject 
FROM statements 
WHERE statements.predicate IN (?, ?, ?, ?, ?, ?, ?) AND statements.value LIKE ?
2025-03-30,18:34:53.669 [INFO] (base) (sqlalchemy.engine.Engine): [cached since 1.104s ago] ('rdfs:label', 'oio:hasRelatedSynonym', 'oio:hasNarrowSynonym', 'oio:hasExactSynonym', 'oio:hasBroadSynonym', 'skos:altLabel', 'IAO:0000118', "Crohn's disease/Ulcerative colitis")
2025-03-30,18:34:53.706 [INFO] (base) (sqlalchemy.engine.Engine): SELECT DISTINCT statements.subject AS statements_subject 
FROM statements 
WHERE statements.predicate IN (?, ?, ?, ?, ?, ?, ?) AND statements.value LIKE ?
2025-03-30,18:34:53.706 [INFO] (base) (sqlalchemy.engine.Engine): [cached since 1.141s ago] ('rdfs:label', 'oio:hasRelatedSynonym', 'oio:hasNarrowSynonym', 'oio:hasExactSynonym', 'oio:hasBroadSynonym', 'skos:altLabel', 'IAO:0000118', 'Duodenal atresia/stenosis')
2025-03-30,18:34:53.742 [INFO] (base) (sqlalchemy.engine.Engine): SELECT DISTINCT statements.subject AS statements_subject 
FROM statements 
WHERE statements.predicate IN (?, ?, ?, ?, ?, ?, ?) AND statements.value LIKE ?
2025-03-30,18:34:53.742 [INFO] (base) (sqlalchemy.engine.Engine): [cached since 1.177s ago] ('rdfs:label', 'oio:hasRelatedSynonym', 'oio:hasNarrowSynonym', 'oio:hasExactSynonym', 'oio:hasBroadSynonym', 'skos:altLabel', 'IAO:0000118', 'Learning difficulty')
2025-03-30,18:34:53.778 [INFO] (base) (sqlalchemy.engine.Engine): SELECT DISTINCT statements.subject AS statements_subject 
FROM statements 
WHERE statements.predicate IN (?, ?, ?, ?, ?, ?, ?) AND statements.value LIKE ?
2025-03-30,18:34:53.779 [INFO] (base) (sqlalchemy.engine.Engine): [cached since 1.214s ago] ('rdfs:label', 'oio:hasRelatedSynonym', 'oio:hasNarrowSynonym', 'oio:hasExactSynonym', 'oio:hasBroadSynonym', 'skos:altLabel', 'IAO:0000118', 'Learning disorder not otherwise specified')
2025-03-30,18:35:13.706 [INFO] (sql_implementation) (root): Locator: obo:mondo
2025-03-30,18:35:13.706 [INFO] (sql_implementation) (root): Ensuring gunzipped for https://s3.amazonaws.com/bbop-sqlite/mondo.db.gz
2025-03-30,18:35:13.706 [INFO] (sql_implementation) (root): Locator, post-processed: sqlite:////Users/twhetzel/.data/oaklib/mondo.db
2025-03-30,18:35:13.714 [INFO] (base) (sqlalchemy.engine.Engine): BEGIN (implicit)
2025-03-30,18:35:13.714 [INFO] (base) (sqlalchemy.engine.Engine): SELECT ontology_node.id AS ontology_node_id 
FROM ontology_node
2025-03-30,18:35:13.714 [INFO] (base) (sqlalchemy.engine.Engine): [generated in 0.00007s] ()
2025-03-30,18:35:13.820 [INFO] (base) (sqlalchemy.engine.Engine): SELECT statements.subject AS statements_subject, statements.predicate AS statements_predicate, statements.object AS statements_object, statements.value AS statements_value, statements.datatype AS statements_datatype, statements.language AS statements_language 
FROM statements 
WHERE statements.subject = ?
2025-03-30,18:35:13.820 [INFO] (base) (sqlalchemy.engine.Engine): [generated in 0.00012s] ('obo:mondo.owl',)
2025-03-30,18:35:13.821 [INFO] (base) (sqlalchemy.engine.Engine): SELECT prefix.prefix AS prefix_prefix, prefix.base AS prefix_base 
FROM prefix
2025-03-30,18:35:13.821 [INFO] (base) (sqlalchemy.engine.Engine): [generated in 0.00005s] ()
2025-03-30,18:35:13.863 [INFO] (base) (sqlalchemy.engine.Engine): SELECT DISTINCT statements.subject AS statements_subject 
FROM statements 
WHERE statements.predicate IN (?) AND statements.value LIKE ?
2025-03-30,18:35:13.863 [INFO] (base) (sqlalchemy.engine.Engine): [generated in 0.00018s] ('rdfs:label', 'Bacterial endocardosis')
2025-03-30,18:35:13.897 [INFO] (base) (sqlalchemy.engine.Engine): SELECT DISTINCT statements.subject AS statements_subject 
FROM statements 
WHERE statements.predicate IN (?) AND statements.value LIKE ?
2025-03-30,18:35:13.897 [INFO] (base) (sqlalchemy.engine.Engine): [cached since 0.03413s ago] ('rdfs:label', 'Dev. delay not otherwise specified')
2025-03-30,18:35:13.930 [INFO] (base) (sqlalchemy.engine.Engine): SELECT DISTINCT statements.subject AS statements_subject 
FROM statements 
WHERE statements.predicate IN (?) AND statements.value LIKE ?
2025-03-30,18:35:13.930 [INFO] (base) (sqlalchemy.engine.Engine): [cached since 0.06668s ago] ('rdfs:label', 'Mitral valve regurgitation')
2025-03-30,18:35:13.962 [INFO] (base) (sqlalchemy.engine.Engine): SELECT DISTINCT statements.subject AS statements_subject 
FROM statements 
WHERE statements.predicate IN (?) AND statements.value LIKE ?
2025-03-30,18:35:13.963 [INFO] (base) (sqlalchemy.engine.Engine): [cached since 0.09934s ago] ('rdfs:label', 'Pulmonary hypertension')
2025-03-30,18:35:13.995 [INFO] (base) (sqlalchemy.engine.Engine): SELECT rdfs_label_statement.value AS rdfs_label_statement_value 
FROM rdfs_label_statement 
WHERE rdfs_label_statement.subject = ?
2025-03-30,18:35:13.995 [INFO] (base) (sqlalchemy.engine.Engine): [generated in 0.00010s] ('MONDO:0005149',)
2025-03-30,18:35:13.995 [INFO] (base) (sqlalchemy.engine.Engine): SELECT DISTINCT statements.subject AS statements_subject 
FROM statements 
WHERE statements.predicate IN (?) AND statements.value LIKE ?
2025-03-30,18:35:13.995 [INFO] (base) (sqlalchemy.engine.Engine): [cached since 0.1323s ago] ('rdfs:label', 'Positive antimicrosomal antibodies')
2025-03-30,18:35:14.028 [INFO] (base) (sqlalchemy.engine.Engine): SELECT DISTINCT statements.subject AS statements_subject 
FROM statements 
WHERE statements.predicate IN (?) AND statements.value LIKE ?
2025-03-30,18:35:14.028 [INFO] (base) (sqlalchemy.engine.Engine): [cached since 0.1647s ago] ('rdfs:label', 'Positive TPO or Tg antibodies')
2025-03-30,18:35:14.059 [INFO] (base) (sqlalchemy.engine.Engine): SELECT DISTINCT statements.subject AS statements_subject 
FROM statements 
WHERE statements.predicate IN (?) AND statements.value LIKE ?
2025-03-30,18:35:14.059 [INFO] (base) (sqlalchemy.engine.Engine): [cached since 0.1962s ago] ('rdfs:label', 'Rash')
2025-03-30,18:35:14.091 [INFO] (base) (sqlalchemy.engine.Engine): SELECT DISTINCT statements.subject AS statements_subject 
FROM statements 
WHERE statements.predicate IN (?) AND statements.value LIKE ?
2025-03-30,18:35:14.092 [INFO] (base) (sqlalchemy.engine.Engine): [cached since 0.2284s ago] ('rdfs:label', 'Cognitive disorder not otherwise specified')
2025-03-30,18:35:14.123 [INFO] (base) (sqlalchemy.engine.Engine): SELECT DISTINCT statements.subject AS statements_subject 
FROM statements 
WHERE statements.predicate IN (?) AND statements.value LIKE ?
2025-03-30,18:35:14.123 [INFO] (base) (sqlalchemy.engine.Engine): [cached since 0.2597s ago] ('rdfs:label', 'Epilepsy')
2025-03-30,18:35:14.155 [INFO] (base) (sqlalchemy.engine.Engine): SELECT rdfs_label_statement.value AS rdfs_label_statement_value 
FROM rdfs_label_statement 
WHERE rdfs_label_statement.subject = ?
2025-03-30,18:35:14.155 [INFO] (base) (sqlalchemy.engine.Engine): [cached since 0.1602s ago] ('MONDO:0005027',)
2025-03-30,18:35:14.155 [INFO] (base) (sqlalchemy.engine.Engine): SELECT DISTINCT statements.subject AS statements_subject 
FROM statements 
WHERE statements.predicate IN (?) AND statements.value LIKE ?
2025-03-30,18:35:14.155 [INFO] (base) (sqlalchemy.engine.Engine): [cached since 0.2923s ago] ('rdfs:label', 'Growth hormone deficiency')
2025-03-30,18:35:14.187 [INFO] (base) (sqlalchemy.engine.Engine): SELECT DISTINCT statements.subject AS statements_subject 
FROM statements 
WHERE statements.predicate IN (?) AND statements.value LIKE ?
2025-03-30,18:35:14.187 [INFO] (base) (sqlalchemy.engine.Engine): [cached since 0.3236s ago] ('rdfs:label', 'Medication-induced movement disorder not otherwise specified')
2025-03-30,18:35:14.219 [INFO] (base) (sqlalchemy.engine.Engine): SELECT DISTINCT statements.subject AS statements_subject 
FROM statements 
WHERE statements.predicate IN (?) AND statements.value LIKE ?
2025-03-30,18:35:14.219 [INFO] (base) (sqlalchemy.engine.Engine): [cached since 0.3559s ago] ('rdfs:label', 'official_ds_diagnosis - \nPartial Trisomy 21 (only a part of chromosome 21 is present in 3 copies)')
2025-03-30,18:35:14.251 [INFO] (base) (sqlalchemy.engine.Engine): SELECT DISTINCT statements.subject AS statements_subject 
FROM statements 
WHERE statements.predicate IN (?) AND statements.value LIKE ?
2025-03-30,18:35:14.251 [INFO] (base) (sqlalchemy.engine.Engine): [cached since 0.3875s ago] ('rdfs:label', 'Other psych history')
2025-03-30,18:35:14.283 [INFO] (base) (sqlalchemy.engine.Engine): SELECT DISTINCT statements.subject AS statements_subject 
FROM statements 
WHERE statements.predicate IN (?) AND statements.value LIKE ?
2025-03-30,18:35:14.283 [INFO] (base) (sqlalchemy.engine.Engine): [cached since 0.4197s ago] ('rdfs:label', 'Single ventricle anomalies')
2025-03-30,18:35:14.314 [INFO] (base) (sqlalchemy.engine.Engine): SELECT DISTINCT statements.subject AS statements_subject 
FROM statements 
WHERE statements.predicate IN (?) AND statements.value LIKE ?
2025-03-30,18:35:14.315 [INFO] (base) (sqlalchemy.engine.Engine): [cached since 0.4513s ago] ('rdfs:label', 'Sleep hypoxia')
2025-03-30,18:35:14.347 [INFO] (base) (sqlalchemy.engine.Engine): SELECT DISTINCT statements.subject AS statements_subject 
FROM statements 
WHERE statements.predicate IN (?) AND statements.value LIKE ?
2025-03-30,18:35:14.347 [INFO] (base) (sqlalchemy.engine.Engine): [cached since 0.4834s ago] ('rdfs:label', 'Anal stenosis')
2025-03-30,18:35:14.378 [INFO] (base) (sqlalchemy.engine.Engine): SELECT rdfs_label_statement.value AS rdfs_label_statement_value 
FROM rdfs_label_statement 
WHERE rdfs_label_statement.subject = ?
2025-03-30,18:35:14.378 [INFO] (base) (sqlalchemy.engine.Engine): [cached since 0.3831s ago] ('HP:0002025',)
2025-03-30,18:35:14.378 [INFO] (base) (sqlalchemy.engine.Engine): SELECT DISTINCT statements.subject AS statements_subject 
FROM statements 
WHERE statements.predicate IN (?) AND statements.value LIKE ?
2025-03-30,18:35:14.378 [INFO] (base) (sqlalchemy.engine.Engine): [cached since 0.5152s ago] ('rdfs:label', 'Recurrent otitis media')
2025-03-30,18:35:14.410 [INFO] (base) (sqlalchemy.engine.Engine): SELECT DISTINCT statements.subject AS statements_subject 
FROM statements 
WHERE statements.predicate IN (?) AND statements.value LIKE ?
2025-03-30,18:35:14.411 [INFO] (base) (sqlalchemy.engine.Engine): [cached since 0.5473s ago] ('rdfs:label', 'Eustachian tube dysfunction')
2025-03-30,18:35:14.442 [INFO] (base) (sqlalchemy.engine.Engine): SELECT DISTINCT statements.subject AS statements_subject 
FROM statements 
WHERE statements.predicate IN (?) AND statements.value LIKE ?
2025-03-30,18:35:14.442 [INFO] (base) (sqlalchemy.engine.Engine): [cached since 0.5788s ago] ('rdfs:label', 'Infantile spasms')
2025-03-30,18:35:14.474 [INFO] (base) (sqlalchemy.engine.Engine): SELECT rdfs_label_statement.value AS rdfs_label_statement_value 
FROM rdfs_label_statement 
WHERE rdfs_label_statement.subject = ?
2025-03-30,18:35:14.474 [INFO] (base) (sqlalchemy.engine.Engine): [cached since 0.4792s ago] ('MONDO:0018097',)
2025-03-30,18:35:14.474 [INFO] (base) (sqlalchemy.engine.Engine): SELECT DISTINCT statements.subject AS statements_subject 
FROM statements 
WHERE statements.predicate IN (?) AND statements.value LIKE ?
2025-03-30,18:35:14.474 [INFO] (base) (sqlalchemy.engine.Engine): [cached since 0.6112s ago] ('rdfs:label', 'Neonatal recurrent infections')
2025-03-30,18:35:14.506 [INFO] (base) (sqlalchemy.engine.Engine): SELECT DISTINCT statements.subject AS statements_subject 
FROM statements 
WHERE statements.predicate IN (?) AND statements.value LIKE ?
2025-03-30,18:35:14.506 [INFO] (base) (sqlalchemy.engine.Engine): [cached since 0.643s ago] ('rdfs:label', 'Nystagmus')
2025-03-30,18:35:14.538 [INFO] (base) (sqlalchemy.engine.Engine): SELECT DISTINCT statements.subject AS statements_subject 
FROM statements 
WHERE statements.predicate IN (?) AND statements.value LIKE ?
2025-03-30,18:35:14.538 [INFO] (base) (sqlalchemy.engine.Engine): [cached since 0.6753s ago] ('rdfs:label', 'Obstructive hypoventilation')
2025-03-30,18:35:14.570 [INFO] (base) (sqlalchemy.engine.Engine): SELECT DISTINCT statements.subject AS statements_subject 
FROM statements 
WHERE statements.predicate IN (?) AND statements.value LIKE ?
2025-03-30,18:35:14.570 [INFO] (base) (sqlalchemy.engine.Engine): [cached since 0.707s ago] ('rdfs:label', "Crohn's disease/Ulcerative colitis")
2025-03-30,18:35:14.602 [INFO] (base) (sqlalchemy.engine.Engine): SELECT DISTINCT statements.subject AS statements_subject 
FROM statements 
WHERE statements.predicate IN (?) AND statements.value LIKE ?
2025-03-30,18:35:14.602 [INFO] (base) (sqlalchemy.engine.Engine): [cached since 0.7391s ago] ('rdfs:label', 'Duodenal atresia/stenosis')
2025-03-30,18:35:14.634 [INFO] (base) (sqlalchemy.engine.Engine): SELECT DISTINCT statements.subject AS statements_subject 
FROM statements 
WHERE statements.predicate IN (?) AND statements.value LIKE ?
2025-03-30,18:35:14.634 [INFO] (base) (sqlalchemy.engine.Engine): [cached since 0.7708s ago] ('rdfs:label', 'Learning difficulty')
2025-03-30,18:35:14.666 [INFO] (base) (sqlalchemy.engine.Engine): SELECT DISTINCT statements.subject AS statements_subject 
FROM statements 
WHERE statements.predicate IN (?) AND statements.value LIKE ?
2025-03-30,18:35:14.666 [INFO] (base) (sqlalchemy.engine.Engine): [cached since 0.8029s ago] ('rdfs:label', 'Learning disorder not otherwise specified')
2025-03-30,18:35:14.702 [INFO] (base) (sqlalchemy.engine.Engine): SELECT DISTINCT statements.subject AS statements_subject 
FROM statements 
WHERE statements.predicate IN (?, ?, ?, ?, ?, ?, ?) AND statements.value LIKE ?
2025-03-30,18:35:14.702 [INFO] (base) (sqlalchemy.engine.Engine): [cached since 0.8384s ago] ('rdfs:label', 'oio:hasRelatedSynonym', 'oio:hasNarrowSynonym', 'oio:hasExactSynonym', 'oio:hasBroadSynonym', 'skos:altLabel', 'IAO:0000118', 'Bacterial endocardosis')
2025-03-30,18:35:14.772 [INFO] (base) (sqlalchemy.engine.Engine): SELECT DISTINCT statements.subject AS statements_subject 
FROM statements 
WHERE statements.predicate IN (?, ?, ?, ?, ?, ?, ?) AND statements.value LIKE ?
2025-03-30,18:35:14.772 [INFO] (base) (sqlalchemy.engine.Engine): [cached since 0.9085s ago] ('rdfs:label', 'oio:hasRelatedSynonym', 'oio:hasNarrowSynonym', 'oio:hasExactSynonym', 'oio:hasBroadSynonym', 'skos:altLabel', 'IAO:0000118', 'Dev. delay not otherwise specified')
2025-03-30,18:35:14.840 [INFO] (base) (sqlalchemy.engine.Engine): SELECT DISTINCT statements.subject AS statements_subject 
FROM statements 
WHERE statements.predicate IN (?, ?, ?, ?, ?, ?, ?) AND statements.value LIKE ?
2025-03-30,18:35:14.840 [INFO] (base) (sqlalchemy.engine.Engine): [cached since 0.977s ago] ('rdfs:label', 'oio:hasRelatedSynonym', 'oio:hasNarrowSynonym', 'oio:hasExactSynonym', 'oio:hasBroadSynonym', 'skos:altLabel', 'IAO:0000118', 'Mitral valve regurgitation')
2025-03-30,18:35:14.909 [INFO] (base) (sqlalchemy.engine.Engine): SELECT DISTINCT statements.subject AS statements_subject 
FROM statements 
WHERE statements.predicate IN (?, ?, ?, ?, ?, ?, ?) AND statements.value LIKE ?
2025-03-30,18:35:14.909 [INFO] (base) (sqlalchemy.engine.Engine): [cached since 1.046s ago] ('rdfs:label', 'oio:hasRelatedSynonym', 'oio:hasNarrowSynonym', 'oio:hasExactSynonym', 'oio:hasBroadSynonym', 'skos:altLabel', 'IAO:0000118', 'Positive antimicrosomal antibodies')
2025-03-30,18:35:14.977 [INFO] (base) (sqlalchemy.engine.Engine): SELECT DISTINCT statements.subject AS statements_subject 
FROM statements 
WHERE statements.predicate IN (?, ?, ?, ?, ?, ?, ?) AND statements.value LIKE ?
2025-03-30,18:35:14.977 [INFO] (base) (sqlalchemy.engine.Engine): [cached since 1.114s ago] ('rdfs:label', 'oio:hasRelatedSynonym', 'oio:hasNarrowSynonym', 'oio:hasExactSynonym', 'oio:hasBroadSynonym', 'skos:altLabel', 'IAO:0000118', 'Positive TPO or Tg antibodies')
2025-03-30,18:35:15.046 [INFO] (base) (sqlalchemy.engine.Engine): SELECT DISTINCT statements.subject AS statements_subject 
FROM statements 
WHERE statements.predicate IN (?, ?, ?, ?, ?, ?, ?) AND statements.value LIKE ?
2025-03-30,18:35:15.046 [INFO] (base) (sqlalchemy.engine.Engine): [cached since 1.183s ago] ('rdfs:label', 'oio:hasRelatedSynonym', 'oio:hasNarrowSynonym', 'oio:hasExactSynonym', 'oio:hasBroadSynonym', 'skos:altLabel', 'IAO:0000118', 'Rash')
2025-03-30,18:35:15.115 [INFO] (base) (sqlalchemy.engine.Engine): SELECT rdfs_label_statement.value AS rdfs_label_statement_value 
FROM rdfs_label_statement 
WHERE rdfs_label_statement.subject = ?
2025-03-30,18:35:15.115 [INFO] (base) (sqlalchemy.engine.Engine): [cached since 1.12s ago] ('MONDO:0006547',)
2025-03-30,18:35:15.116 [INFO] (base) (sqlalchemy.engine.Engine): SELECT DISTINCT statements.subject AS statements_subject 
FROM statements 
WHERE statements.predicate IN (?, ?, ?, ?, ?, ?, ?) AND statements.value LIKE ?
2025-03-30,18:35:15.116 [INFO] (base) (sqlalchemy.engine.Engine): [cached since 1.253s ago] ('rdfs:label', 'oio:hasRelatedSynonym', 'oio:hasNarrowSynonym', 'oio:hasExactSynonym', 'oio:hasBroadSynonym', 'skos:altLabel', 'IAO:0000118', 'Cognitive disorder not otherwise specified')
2025-03-30,18:35:15.185 [INFO] (base) (sqlalchemy.engine.Engine): SELECT DISTINCT statements.subject AS statements_subject 
FROM statements 
WHERE statements.predicate IN (?, ?, ?, ?, ?, ?, ?) AND statements.value LIKE ?
2025-03-30,18:35:15.185 [INFO] (base) (sqlalchemy.engine.Engine): [cached since 1.321s ago] ('rdfs:label', 'oio:hasRelatedSynonym', 'oio:hasNarrowSynonym', 'oio:hasExactSynonym', 'oio:hasBroadSynonym', 'skos:altLabel', 'IAO:0000118', 'Growth hormone deficiency')
2025-03-30,18:35:15.254 [INFO] (base) (sqlalchemy.engine.Engine): SELECT DISTINCT statements.subject AS statements_subject 
FROM statements 
WHERE statements.predicate IN (?, ?, ?, ?, ?, ?, ?) AND statements.value LIKE ?
2025-03-30,18:35:15.254 [INFO] (base) (sqlalchemy.engine.Engine): [cached since 1.39s ago] ('rdfs:label', 'oio:hasRelatedSynonym', 'oio:hasNarrowSynonym', 'oio:hasExactSynonym', 'oio:hasBroadSynonym', 'skos:altLabel', 'IAO:0000118', 'Medication-induced movement disorder not otherwise specified')
2025-03-30,18:35:15.323 [INFO] (base) (sqlalchemy.engine.Engine): SELECT DISTINCT statements.subject AS statements_subject 
FROM statements 
WHERE statements.predicate IN (?, ?, ?, ?, ?, ?, ?) AND statements.value LIKE ?
2025-03-30,18:35:15.323 [INFO] (base) (sqlalchemy.engine.Engine): [cached since 1.459s ago] ('rdfs:label', 'oio:hasRelatedSynonym', 'oio:hasNarrowSynonym', 'oio:hasExactSynonym', 'oio:hasBroadSynonym', 'skos:altLabel', 'IAO:0000118', 'official_ds_diagnosis - \nPartial Trisomy 21 (only a part of chromosome 21 is present in 3 copies)')
2025-03-30,18:35:15.391 [INFO] (base) (sqlalchemy.engine.Engine): SELECT DISTINCT statements.subject AS statements_subject 
FROM statements 
WHERE statements.predicate IN (?, ?, ?, ?, ?, ?, ?) AND statements.value LIKE ?
2025-03-30,18:35:15.391 [INFO] (base) (sqlalchemy.engine.Engine): [cached since 1.528s ago] ('rdfs:label', 'oio:hasRelatedSynonym', 'oio:hasNarrowSynonym', 'oio:hasExactSynonym', 'oio:hasBroadSynonym', 'skos:altLabel', 'IAO:0000118', 'Other psych history')
2025-03-30,18:35:15.460 [INFO] (base) (sqlalchemy.engine.Engine): SELECT DISTINCT statements.subject AS statements_subject 
FROM statements 
WHERE statements.predicate IN (?, ?, ?, ?, ?, ?, ?) AND statements.value LIKE ?
2025-03-30,18:35:15.460 [INFO] (base) (sqlalchemy.engine.Engine): [cached since 1.597s ago] ('rdfs:label', 'oio:hasRelatedSynonym', 'oio:hasNarrowSynonym', 'oio:hasExactSynonym', 'oio:hasBroadSynonym', 'skos:altLabel', 'IAO:0000118', 'Single ventricle anomalies')
2025-03-30,18:35:15.529 [INFO] (base) (sqlalchemy.engine.Engine): SELECT DISTINCT statements.subject AS statements_subject 
FROM statements 
WHERE statements.predicate IN (?, ?, ?, ?, ?, ?, ?) AND statements.value LIKE ?
2025-03-30,18:35:15.529 [INFO] (base) (sqlalchemy.engine.Engine): [cached since 1.666s ago] ('rdfs:label', 'oio:hasRelatedSynonym', 'oio:hasNarrowSynonym', 'oio:hasExactSynonym', 'oio:hasBroadSynonym', 'skos:altLabel', 'IAO:0000118', 'Sleep hypoxia')
2025-03-30,18:35:15.598 [INFO] (base) (sqlalchemy.engine.Engine): SELECT DISTINCT statements.subject AS statements_subject 
FROM statements 
WHERE statements.predicate IN (?, ?, ?, ?, ?, ?, ?) AND statements.value LIKE ?
2025-03-30,18:35:15.598 [INFO] (base) (sqlalchemy.engine.Engine): [cached since 1.735s ago] ('rdfs:label', 'oio:hasRelatedSynonym', 'oio:hasNarrowSynonym', 'oio:hasExactSynonym', 'oio:hasBroadSynonym', 'skos:altLabel', 'IAO:0000118', 'Anal stenosis')
2025-03-30,18:35:15.667 [INFO] (base) (sqlalchemy.engine.Engine): SELECT rdfs_label_statement.value AS rdfs_label_statement_value 
FROM rdfs_label_statement 
WHERE rdfs_label_statement.subject = ?
2025-03-30,18:35:15.667 [INFO] (base) (sqlalchemy.engine.Engine): [cached since 1.672s ago] ('MONDO:0001046',)
2025-03-30,18:35:15.667 [INFO] (base) (sqlalchemy.engine.Engine): SELECT rdfs_label_statement.value AS rdfs_label_statement_value 
FROM rdfs_label_statement 
WHERE rdfs_label_statement.subject = ?
2025-03-30,18:35:15.668 [INFO] (base) (sqlalchemy.engine.Engine): [cached since 1.673s ago] ('HP:0002025',)
2025-03-30,18:35:15.668 [INFO] (base) (sqlalchemy.engine.Engine): SELECT DISTINCT statements.subject AS statements_subject 
FROM statements 
WHERE statements.predicate IN (?, ?, ?, ?, ?, ?, ?) AND statements.value LIKE ?
2025-03-30,18:35:15.668 [INFO] (base) (sqlalchemy.engine.Engine): [cached since 1.805s ago] ('rdfs:label', 'oio:hasRelatedSynonym', 'oio:hasNarrowSynonym', 'oio:hasExactSynonym', 'oio:hasBroadSynonym', 'skos:altLabel', 'IAO:0000118', 'Recurrent otitis media')
2025-03-30,18:35:15.736 [INFO] (base) (sqlalchemy.engine.Engine): SELECT DISTINCT statements.subject AS statements_subject 
FROM statements 
WHERE statements.predicate IN (?, ?, ?, ?, ?, ?, ?) AND statements.value LIKE ?
2025-03-30,18:35:15.736 [INFO] (base) (sqlalchemy.engine.Engine): [cached since 1.873s ago] ('rdfs:label', 'oio:hasRelatedSynonym', 'oio:hasNarrowSynonym', 'oio:hasExactSynonym', 'oio:hasBroadSynonym', 'skos:altLabel', 'IAO:0000118', 'Eustachian tube dysfunction')
2025-03-30,18:35:15.805 [INFO] (base) (sqlalchemy.engine.Engine): SELECT DISTINCT statements.subject AS statements_subject 
FROM statements 
WHERE statements.predicate IN (?, ?, ?, ?, ?, ?, ?) AND statements.value LIKE ?
2025-03-30,18:35:15.805 [INFO] (base) (sqlalchemy.engine.Engine): [cached since 1.942s ago] ('rdfs:label', 'oio:hasRelatedSynonym', 'oio:hasNarrowSynonym', 'oio:hasExactSynonym', 'oio:hasBroadSynonym', 'skos:altLabel', 'IAO:0000118', 'Neonatal recurrent infections')
2025-03-30,18:35:15.876 [INFO] (base) (sqlalchemy.engine.Engine): SELECT DISTINCT statements.subject AS statements_subject 
FROM statements 
WHERE statements.predicate IN (?, ?, ?, ?, ?, ?, ?) AND statements.value LIKE ?
2025-03-30,18:35:15.876 [INFO] (base) (sqlalchemy.engine.Engine): [cached since 2.012s ago] ('rdfs:label', 'oio:hasRelatedSynonym', 'oio:hasNarrowSynonym', 'oio:hasExactSynonym', 'oio:hasBroadSynonym', 'skos:altLabel', 'IAO:0000118', 'Nystagmus')
2025-03-30,18:35:15.944 [INFO] (base) (sqlalchemy.engine.Engine): SELECT rdfs_label_statement.value AS rdfs_label_statement_value 
FROM rdfs_label_statement 
WHERE rdfs_label_statement.subject = ?
2025-03-30,18:35:15.944 [INFO] (base) (sqlalchemy.engine.Engine): [cached since 1.95s ago] ('MONDO:0005712',)
2025-03-30,18:35:15.945 [INFO] (base) (sqlalchemy.engine.Engine): SELECT DISTINCT statements.subject AS statements_subject 
FROM statements 
WHERE statements.predicate IN (?, ?, ?, ?, ?, ?, ?) AND statements.value LIKE ?
2025-03-30,18:35:15.945 [INFO] (base) (sqlalchemy.engine.Engine): [cached since 2.082s ago] ('rdfs:label', 'oio:hasRelatedSynonym', 'oio:hasNarrowSynonym', 'oio:hasExactSynonym', 'oio:hasBroadSynonym', 'skos:altLabel', 'IAO:0000118', 'Obstructive hypoventilation')
2025-03-30,18:35:16.015 [INFO] (base) (sqlalchemy.engine.Engine): SELECT DISTINCT statements.subject AS statements_subject 
FROM statements 
WHERE statements.predicate IN (?, ?, ?, ?, ?, ?, ?) AND statements.value LIKE ?
2025-03-30,18:35:16.015 [INFO] (base) (sqlalchemy.engine.Engine): [cached since 2.152s ago] ('rdfs:label', 'oio:hasRelatedSynonym', 'oio:hasNarrowSynonym', 'oio:hasExactSynonym', 'oio:hasBroadSynonym', 'skos:altLabel', 'IAO:0000118', "Crohn's disease/Ulcerative colitis")
2025-03-30,18:35:16.086 [INFO] (base) (sqlalchemy.engine.Engine): SELECT DISTINCT statements.subject AS statements_subject 
FROM statements 
WHERE statements.predicate IN (?, ?, ?, ?, ?, ?, ?) AND statements.value LIKE ?
2025-03-30,18:35:16.086 [INFO] (base) (sqlalchemy.engine.Engine): [cached since 2.223s ago] ('rdfs:label', 'oio:hasRelatedSynonym', 'oio:hasNarrowSynonym', 'oio:hasExactSynonym', 'oio:hasBroadSynonym', 'skos:altLabel', 'IAO:0000118', 'Duodenal atresia/stenosis')
2025-03-30,18:35:16.155 [INFO] (base) (sqlalchemy.engine.Engine): SELECT DISTINCT statements.subject AS statements_subject 
FROM statements 
WHERE statements.predicate IN (?, ?, ?, ?, ?, ?, ?) AND statements.value LIKE ?
2025-03-30,18:35:16.155 [INFO] (base) (sqlalchemy.engine.Engine): [cached since 2.292s ago] ('rdfs:label', 'oio:hasRelatedSynonym', 'oio:hasNarrowSynonym', 'oio:hasExactSynonym', 'oio:hasBroadSynonym', 'skos:altLabel', 'IAO:0000118', 'Learning difficulty')
2025-03-30,18:35:16.224 [INFO] (base) (sqlalchemy.engine.Engine): SELECT DISTINCT statements.subject AS statements_subject 
FROM statements 
WHERE statements.predicate IN (?, ?, ?, ?, ?, ?, ?) AND statements.value LIKE ?
2025-03-30,18:35:16.224 [INFO] (base) (sqlalchemy.engine.Engine): [cached since 2.36s ago] ('rdfs:label', 'oio:hasRelatedSynonym', 'oio:hasNarrowSynonym', 'oio:hasExactSynonym', 'oio:hasBroadSynonym', 'skos:altLabel', 'IAO:0000118', 'Learning disorder not otherwise specified')
2025-03-30,18:35:16.294 [INFO] (sql_implementation) (root): Locator: obo:hp
2025-03-30,18:35:16.294 [INFO] (sql_implementation) (root): Ensuring gunzipped for https://s3.amazonaws.com/bbop-sqlite/hp.db.gz
2025-03-30,18:35:16.294 [INFO] (sql_implementation) (root): Locator, post-processed: sqlite:////Users/twhetzel/.data/oaklib/hp.db
2025-03-30,18:35:16.295 [INFO] (base) (sqlalchemy.engine.Engine): BEGIN (implicit)
2025-03-30,18:35:16.296 [INFO] (base) (sqlalchemy.engine.Engine): SELECT ontology_node.id AS ontology_node_id 
FROM ontology_node
2025-03-30,18:35:16.296 [INFO] (base) (sqlalchemy.engine.Engine): [generated in 0.00005s] ()
2025-03-30,18:35:16.329 [INFO] (base) (sqlalchemy.engine.Engine): SELECT statements.subject AS statements_subject, statements.predicate AS statements_predicate, statements.object AS statements_object, statements.value AS statements_value, statements.datatype AS statements_datatype, statements.language AS statements_language 
FROM statements 
WHERE statements.subject = ?
2025-03-30,18:35:16.329 [INFO] (base) (sqlalchemy.engine.Engine): [generated in 0.00009s] ('obo:hp.owl',)
2025-03-30,18:35:16.329 [INFO] (base) (sqlalchemy.engine.Engine): SELECT prefix.prefix AS prefix_prefix, prefix.base AS prefix_base 
FROM prefix
2025-03-30,18:35:16.329 [INFO] (base) (sqlalchemy.engine.Engine): [generated in 0.00004s] ()
2025-03-30,18:35:16.335 [INFO] (base) (sqlalchemy.engine.Engine): SELECT DISTINCT statements.subject AS statements_subject 
FROM statements 
WHERE statements.predicate IN (?) AND statements.value LIKE ?
2025-03-30,18:35:16.335 [INFO] (base) (sqlalchemy.engine.Engine): [generated in 0.00007s] ('rdfs:label', 'Bacterial endocardosis')
2025-03-30,18:35:16.352 [INFO] (base) (sqlalchemy.engine.Engine): SELECT DISTINCT statements.subject AS statements_subject 
FROM statements 
WHERE statements.predicate IN (?) AND statements.value LIKE ?
2025-03-30,18:35:16.352 [INFO] (base) (sqlalchemy.engine.Engine): [cached since 0.01706s ago] ('rdfs:label', 'Dev. delay not otherwise specified')
2025-03-30,18:35:16.368 [INFO] (base) (sqlalchemy.engine.Engine): SELECT DISTINCT statements.subject AS statements_subject 
FROM statements 
WHERE statements.predicate IN (?) AND statements.value LIKE ?
2025-03-30,18:35:16.368 [INFO] (base) (sqlalchemy.engine.Engine): [cached since 0.03367s ago] ('rdfs:label', 'Mitral valve regurgitation')
2025-03-30,18:35:16.385 [INFO] (base) (sqlalchemy.engine.Engine): SELECT DISTINCT statements.subject AS statements_subject 
FROM statements 
WHERE statements.predicate IN (?) AND statements.value LIKE ?
2025-03-30,18:35:16.385 [INFO] (base) (sqlalchemy.engine.Engine): [cached since 0.05051s ago] ('rdfs:label', 'Pulmonary hypertension')
2025-03-30,18:35:16.401 [INFO] (base) (sqlalchemy.engine.Engine): SELECT DISTINCT statements.subject AS statements_subject 
FROM statements 
WHERE statements.predicate IN (?) AND statements.value LIKE ?
2025-03-30,18:35:16.402 [INFO] (base) (sqlalchemy.engine.Engine): [cached since 0.06682s ago] ('rdfs:label', 'Positive antimicrosomal antibodies')
2025-03-30,18:35:16.418 [INFO] (base) (sqlalchemy.engine.Engine): SELECT DISTINCT statements.subject AS statements_subject 
FROM statements 
WHERE statements.predicate IN (?) AND statements.value LIKE ?
2025-03-30,18:35:16.418 [INFO] (base) (sqlalchemy.engine.Engine): [cached since 0.0836s ago] ('rdfs:label', 'Positive TPO or Tg antibodies')
2025-03-30,18:35:16.435 [INFO] (base) (sqlalchemy.engine.Engine): SELECT DISTINCT statements.subject AS statements_subject 
FROM statements 
WHERE statements.predicate IN (?) AND statements.value LIKE ?
2025-03-30,18:35:16.435 [INFO] (base) (sqlalchemy.engine.Engine): [cached since 0.1001s ago] ('rdfs:label', 'Rash')
2025-03-30,18:35:16.451 [INFO] (base) (sqlalchemy.engine.Engine): SELECT DISTINCT statements.subject AS statements_subject 
FROM statements 
WHERE statements.predicate IN (?) AND statements.value LIKE ?
2025-03-30,18:35:16.451 [INFO] (base) (sqlalchemy.engine.Engine): [cached since 0.1164s ago] ('rdfs:label', 'Cognitive disorder not otherwise specified')
2025-03-30,18:35:16.468 [INFO] (base) (sqlalchemy.engine.Engine): SELECT DISTINCT statements.subject AS statements_subject 
FROM statements 
WHERE statements.predicate IN (?) AND statements.value LIKE ?
2025-03-30,18:35:16.468 [INFO] (base) (sqlalchemy.engine.Engine): [cached since 0.1333s ago] ('rdfs:label', 'Epilepsy')
2025-03-30,18:35:16.484 [INFO] (base) (sqlalchemy.engine.Engine): SELECT DISTINCT statements.subject AS statements_subject 
FROM statements 
WHERE statements.predicate IN (?) AND statements.value LIKE ?
2025-03-30,18:35:16.484 [INFO] (base) (sqlalchemy.engine.Engine): [cached since 0.1497s ago] ('rdfs:label', 'Growth hormone deficiency')
2025-03-30,18:35:16.500 [INFO] (base) (sqlalchemy.engine.Engine): SELECT DISTINCT statements.subject AS statements_subject 
FROM statements 
WHERE statements.predicate IN (?) AND statements.value LIKE ?
2025-03-30,18:35:16.501 [INFO] (base) (sqlalchemy.engine.Engine): [cached since 0.1658s ago] ('rdfs:label', 'Medication-induced movement disorder not otherwise specified')
2025-03-30,18:35:16.517 [INFO] (base) (sqlalchemy.engine.Engine): SELECT DISTINCT statements.subject AS statements_subject 
FROM statements 
WHERE statements.predicate IN (?) AND statements.value LIKE ?
2025-03-30,18:35:16.517 [INFO] (base) (sqlalchemy.engine.Engine): [cached since 0.1826s ago] ('rdfs:label', 'official_ds_diagnosis - \nPartial Trisomy 21 (only a part of chromosome 21 is present in 3 copies)')
2025-03-30,18:35:16.534 [INFO] (base) (sqlalchemy.engine.Engine): SELECT DISTINCT statements.subject AS statements_subject 
FROM statements 
WHERE statements.predicate IN (?) AND statements.value LIKE ?
2025-03-30,18:35:16.534 [INFO] (base) (sqlalchemy.engine.Engine): [cached since 0.1991s ago] ('rdfs:label', 'Other psych history')
2025-03-30,18:35:16.550 [INFO] (base) (sqlalchemy.engine.Engine): SELECT DISTINCT statements.subject AS statements_subject 
FROM statements 
WHERE statements.predicate IN (?) AND statements.value LIKE ?
2025-03-30,18:35:16.550 [INFO] (base) (sqlalchemy.engine.Engine): [cached since 0.2153s ago] ('rdfs:label', 'Single ventricle anomalies')
2025-03-30,18:35:16.567 [INFO] (base) (sqlalchemy.engine.Engine): SELECT DISTINCT statements.subject AS statements_subject 
FROM statements 
WHERE statements.predicate IN (?) AND statements.value LIKE ?
2025-03-30,18:35:16.567 [INFO] (base) (sqlalchemy.engine.Engine): [cached since 0.2322s ago] ('rdfs:label', 'Sleep hypoxia')
2025-03-30,18:35:16.583 [INFO] (base) (sqlalchemy.engine.Engine): SELECT DISTINCT statements.subject AS statements_subject 
FROM statements 
WHERE statements.predicate IN (?) AND statements.value LIKE ?
2025-03-30,18:35:16.583 [INFO] (base) (sqlalchemy.engine.Engine): [cached since 0.2485s ago] ('rdfs:label', 'Anal stenosis')
2025-03-30,18:35:16.599 [INFO] (base) (sqlalchemy.engine.Engine): SELECT rdfs_label_statement.value AS rdfs_label_statement_value 
FROM rdfs_label_statement 
WHERE rdfs_label_statement.subject = ?
2025-03-30,18:35:16.599 [INFO] (base) (sqlalchemy.engine.Engine): [generated in 0.00008s] ('HP:0002025',)
2025-03-30,18:35:16.600 [INFO] (base) (sqlalchemy.engine.Engine): SELECT DISTINCT statements.subject AS statements_subject 
FROM statements 
WHERE statements.predicate IN (?) AND statements.value LIKE ?
2025-03-30,18:35:16.600 [INFO] (base) (sqlalchemy.engine.Engine): [cached since 0.2652s ago] ('rdfs:label', 'Recurrent otitis media')
2025-03-30,18:35:16.617 [INFO] (base) (sqlalchemy.engine.Engine): SELECT rdfs_label_statement.value AS rdfs_label_statement_value 
FROM rdfs_label_statement 
WHERE rdfs_label_statement.subject = ?
2025-03-30,18:35:16.617 [INFO] (base) (sqlalchemy.engine.Engine): [cached since 0.01737s ago] ('HP:0000403',)
2025-03-30,18:35:16.617 [INFO] (base) (sqlalchemy.engine.Engine): SELECT DISTINCT statements.subject AS statements_subject 
FROM statements 
WHERE statements.predicate IN (?) AND statements.value LIKE ?
2025-03-30,18:35:16.617 [INFO] (base) (sqlalchemy.engine.Engine): [cached since 0.2824s ago] ('rdfs:label', 'Eustachian tube dysfunction')
2025-03-30,18:35:16.633 [INFO] (base) (sqlalchemy.engine.Engine): SELECT DISTINCT statements.subject AS statements_subject 
FROM statements 
WHERE statements.predicate IN (?) AND statements.value LIKE ?
2025-03-30,18:35:16.633 [INFO] (base) (sqlalchemy.engine.Engine): [cached since 0.2987s ago] ('rdfs:label', 'Infantile spasms')
2025-03-30,18:35:16.649 [INFO] (base) (sqlalchemy.engine.Engine): SELECT rdfs_label_statement.value AS rdfs_label_statement_value 
FROM rdfs_label_statement 
WHERE rdfs_label_statement.subject = ?
2025-03-30,18:35:16.649 [INFO] (base) (sqlalchemy.engine.Engine): [cached since 0.04998s ago] ('HP:0012469',)
2025-03-30,18:35:16.650 [INFO] (base) (sqlalchemy.engine.Engine): SELECT DISTINCT statements.subject AS statements_subject 
FROM statements 
WHERE statements.predicate IN (?) AND statements.value LIKE ?
2025-03-30,18:35:16.650 [INFO] (base) (sqlalchemy.engine.Engine): [cached since 0.315s ago] ('rdfs:label', 'Neonatal recurrent infections')
2025-03-30,18:35:16.666 [INFO] (base) (sqlalchemy.engine.Engine): SELECT DISTINCT statements.subject AS statements_subject 
FROM statements 
WHERE statements.predicate IN (?) AND statements.value LIKE ?
2025-03-30,18:35:16.666 [INFO] (base) (sqlalchemy.engine.Engine): [cached since 0.3317s ago] ('rdfs:label', 'Nystagmus')
2025-03-30,18:35:16.683 [INFO] (base) (sqlalchemy.engine.Engine): SELECT rdfs_label_statement.value AS rdfs_label_statement_value 
FROM rdfs_label_statement 
WHERE rdfs_label_statement.subject = ?
2025-03-30,18:35:16.683 [INFO] (base) (sqlalchemy.engine.Engine): [cached since 0.08321s ago] ('HP:0000639',)
2025-03-30,18:35:16.683 [INFO] (base) (sqlalchemy.engine.Engine): SELECT DISTINCT statements.subject AS statements_subject 
FROM statements 
WHERE statements.predicate IN (?) AND statements.value LIKE ?
2025-03-30,18:35:16.683 [INFO] (base) (sqlalchemy.engine.Engine): [cached since 0.3482s ago] ('rdfs:label', 'Obstructive hypoventilation')
2025-03-30,18:35:16.699 [INFO] (base) (sqlalchemy.engine.Engine): SELECT DISTINCT statements.subject AS statements_subject 
FROM statements 
WHERE statements.predicate IN (?) AND statements.value LIKE ?
2025-03-30,18:35:16.699 [INFO] (base) (sqlalchemy.engine.Engine): [cached since 0.3643s ago] ('rdfs:label', "Crohn's disease/Ulcerative colitis")
2025-03-30,18:35:16.716 [INFO] (base) (sqlalchemy.engine.Engine): SELECT DISTINCT statements.subject AS statements_subject 
FROM statements 
WHERE statements.predicate IN (?) AND statements.value LIKE ?
2025-03-30,18:35:16.716 [INFO] (base) (sqlalchemy.engine.Engine): [cached since 0.3811s ago] ('rdfs:label', 'Duodenal atresia/stenosis')
2025-03-30,18:35:16.732 [INFO] (base) (sqlalchemy.engine.Engine): SELECT DISTINCT statements.subject AS statements_subject 
FROM statements 
WHERE statements.predicate IN (?) AND statements.value LIKE ?
2025-03-30,18:35:16.732 [INFO] (base) (sqlalchemy.engine.Engine): [cached since 0.3976s ago] ('rdfs:label', 'Learning difficulty')
2025-03-30,18:35:16.748 [INFO] (base) (sqlalchemy.engine.Engine): SELECT DISTINCT statements.subject AS statements_subject 
FROM statements 
WHERE statements.predicate IN (?) AND statements.value LIKE ?
2025-03-30,18:35:16.749 [INFO] (base) (sqlalchemy.engine.Engine): [cached since 0.4138s ago] ('rdfs:label', 'Learning disorder not otherwise specified')
2025-03-30,18:35:16.768 [INFO] (base) (sqlalchemy.engine.Engine): SELECT DISTINCT statements.subject AS statements_subject 
FROM statements 
WHERE statements.predicate IN (?, ?, ?, ?, ?, ?, ?) AND statements.value LIKE ?
2025-03-30,18:35:16.768 [INFO] (base) (sqlalchemy.engine.Engine): [cached since 0.4335s ago] ('rdfs:label', 'oio:hasRelatedSynonym', 'oio:hasNarrowSynonym', 'oio:hasExactSynonym', 'oio:hasBroadSynonym', 'skos:altLabel', 'IAO:0000118', 'Bacterial endocardosis')
2025-03-30,18:35:16.805 [INFO] (base) (sqlalchemy.engine.Engine): SELECT DISTINCT statements.subject AS statements_subject 
FROM statements 
WHERE statements.predicate IN (?, ?, ?, ?, ?, ?, ?) AND statements.value LIKE ?
2025-03-30,18:35:16.805 [INFO] (base) (sqlalchemy.engine.Engine): [cached since 0.47s ago] ('rdfs:label', 'oio:hasRelatedSynonym', 'oio:hasNarrowSynonym', 'oio:hasExactSynonym', 'oio:hasBroadSynonym', 'skos:altLabel', 'IAO:0000118', 'Dev. delay not otherwise specified')
2025-03-30,18:35:16.841 [INFO] (base) (sqlalchemy.engine.Engine): SELECT DISTINCT statements.subject AS statements_subject 
FROM statements 
WHERE statements.predicate IN (?, ?, ?, ?, ?, ?, ?) AND statements.value LIKE ?
2025-03-30,18:35:16.841 [INFO] (base) (sqlalchemy.engine.Engine): [cached since 0.5067s ago] ('rdfs:label', 'oio:hasRelatedSynonym', 'oio:hasNarrowSynonym', 'oio:hasExactSynonym', 'oio:hasBroadSynonym', 'skos:altLabel', 'IAO:0000118', 'Mitral valve regurgitation')
2025-03-30,18:35:16.878 [INFO] (base) (sqlalchemy.engine.Engine): SELECT rdfs_label_statement.value AS rdfs_label_statement_value 
FROM rdfs_label_statement 
WHERE rdfs_label_statement.subject = ?
2025-03-30,18:35:16.878 [INFO] (base) (sqlalchemy.engine.Engine): [cached since 0.2785s ago] ('HP:0001653',)
2025-03-30,18:35:16.878 [INFO] (base) (sqlalchemy.engine.Engine): SELECT DISTINCT statements.subject AS statements_subject 
FROM statements 
WHERE statements.predicate IN (?, ?, ?, ?, ?, ?, ?) AND statements.value LIKE ?
2025-03-30,18:35:16.878 [INFO] (base) (sqlalchemy.engine.Engine): [cached since 0.5436s ago] ('rdfs:label', 'oio:hasRelatedSynonym', 'oio:hasNarrowSynonym', 'oio:hasExactSynonym', 'oio:hasBroadSynonym', 'skos:altLabel', 'IAO:0000118', 'Pulmonary hypertension')
2025-03-30,18:35:16.915 [INFO] (base) (sqlalchemy.engine.Engine): SELECT DISTINCT statements.subject AS statements_subject 
FROM statements 
WHERE statements.predicate IN (?, ?, ?, ?, ?, ?, ?) AND statements.value LIKE ?
2025-03-30,18:35:16.915 [INFO] (base) (sqlalchemy.engine.Engine): [cached since 0.5803s ago] ('rdfs:label', 'oio:hasRelatedSynonym', 'oio:hasNarrowSynonym', 'oio:hasExactSynonym', 'oio:hasBroadSynonym', 'skos:altLabel', 'IAO:0000118', 'Positive antimicrosomal antibodies')
2025-03-30,18:35:16.952 [INFO] (base) (sqlalchemy.engine.Engine): SELECT DISTINCT statements.subject AS statements_subject 
FROM statements 
WHERE statements.predicate IN (?, ?, ?, ?, ?, ?, ?) AND statements.value LIKE ?
2025-03-30,18:35:16.952 [INFO] (base) (sqlalchemy.engine.Engine): [cached since 0.6172s ago] ('rdfs:label', 'oio:hasRelatedSynonym', 'oio:hasNarrowSynonym', 'oio:hasExactSynonym', 'oio:hasBroadSynonym', 'skos:altLabel', 'IAO:0000118', 'Positive TPO or Tg antibodies')
2025-03-30,18:35:16.989 [INFO] (base) (sqlalchemy.engine.Engine): SELECT DISTINCT statements.subject AS statements_subject 
FROM statements 
WHERE statements.predicate IN (?, ?, ?, ?, ?, ?, ?) AND statements.value LIKE ?
2025-03-30,18:35:16.989 [INFO] (base) (sqlalchemy.engine.Engine): [cached since 0.6539s ago] ('rdfs:label', 'oio:hasRelatedSynonym', 'oio:hasNarrowSynonym', 'oio:hasExactSynonym', 'oio:hasBroadSynonym', 'skos:altLabel', 'IAO:0000118', 'Rash')
2025-03-30,18:35:17.025 [INFO] (base) (sqlalchemy.engine.Engine): SELECT rdfs_label_statement.value AS rdfs_label_statement_value 
FROM rdfs_label_statement 
WHERE rdfs_label_statement.subject = ?
2025-03-30,18:35:17.025 [INFO] (base) (sqlalchemy.engine.Engine): [cached since 0.4259s ago] ('HP:0000988',)
2025-03-30,18:35:17.026 [INFO] (base) (sqlalchemy.engine.Engine): SELECT DISTINCT statements.subject AS statements_subject 
FROM statements 
WHERE statements.predicate IN (?, ?, ?, ?, ?, ?, ?) AND statements.value LIKE ?
2025-03-30,18:35:17.026 [INFO] (base) (sqlalchemy.engine.Engine): [cached since 0.691s ago] ('rdfs:label', 'oio:hasRelatedSynonym', 'oio:hasNarrowSynonym', 'oio:hasExactSynonym', 'oio:hasBroadSynonym', 'skos:altLabel', 'IAO:0000118', 'Cognitive disorder not otherwise specified')
2025-03-30,18:35:17.063 [INFO] (base) (sqlalchemy.engine.Engine): SELECT DISTINCT statements.subject AS statements_subject 
FROM statements 
WHERE statements.predicate IN (?, ?, ?, ?, ?, ?, ?) AND statements.value LIKE ?
2025-03-30,18:35:17.063 [INFO] (base) (sqlalchemy.engine.Engine): [cached since 0.7281s ago] ('rdfs:label', 'oio:hasRelatedSynonym', 'oio:hasNarrowSynonym', 'oio:hasExactSynonym', 'oio:hasBroadSynonym', 'skos:altLabel', 'IAO:0000118', 'Epilepsy')
2025-03-30,18:35:17.099 [INFO] (base) (sqlalchemy.engine.Engine): SELECT rdfs_label_statement.value AS rdfs_label_statement_value 
FROM rdfs_label_statement 
WHERE rdfs_label_statement.subject = ?
2025-03-30,18:35:17.099 [INFO] (base) (sqlalchemy.engine.Engine): [cached since 0.5s ago] ('HP:0001250',)
2025-03-30,18:35:17.100 [INFO] (base) (sqlalchemy.engine.Engine): SELECT DISTINCT statements.subject AS statements_subject 
FROM statements 
WHERE statements.predicate IN (?, ?, ?, ?, ?, ?, ?) AND statements.value LIKE ?
2025-03-30,18:35:17.100 [INFO] (base) (sqlalchemy.engine.Engine): [cached since 0.765s ago] ('rdfs:label', 'oio:hasRelatedSynonym', 'oio:hasNarrowSynonym', 'oio:hasExactSynonym', 'oio:hasBroadSynonym', 'skos:altLabel', 'IAO:0000118', 'Growth hormone deficiency')
2025-03-30,18:35:17.136 [INFO] (base) (sqlalchemy.engine.Engine): SELECT rdfs_label_statement.value AS rdfs_label_statement_value 
FROM rdfs_label_statement 
WHERE rdfs_label_statement.subject = ?
2025-03-30,18:35:17.136 [INFO] (base) (sqlalchemy.engine.Engine): [cached since 0.537s ago] ('HP:0034323',)
2025-03-30,18:35:17.137 [INFO] (base) (sqlalchemy.engine.Engine): SELECT DISTINCT statements.subject AS statements_subject 
FROM statements 
WHERE statements.predicate IN (?, ?, ?, ?, ?, ?, ?) AND statements.value LIKE ?
2025-03-30,18:35:17.137 [INFO] (base) (sqlalchemy.engine.Engine): [cached since 0.8021s ago] ('rdfs:label', 'oio:hasRelatedSynonym', 'oio:hasNarrowSynonym', 'oio:hasExactSynonym', 'oio:hasBroadSynonym', 'skos:altLabel', 'IAO:0000118', 'Medication-induced movement disorder not otherwise specified')
2025-03-30,18:35:17.173 [INFO] (base) (sqlalchemy.engine.Engine): SELECT DISTINCT statements.subject AS statements_subject 
FROM statements 
WHERE statements.predicate IN (?, ?, ?, ?, ?, ?, ?) AND statements.value LIKE ?
2025-03-30,18:35:17.173 [INFO] (base) (sqlalchemy.engine.Engine): [cached since 0.8387s ago] ('rdfs:label', 'oio:hasRelatedSynonym', 'oio:hasNarrowSynonym', 'oio:hasExactSynonym', 'oio:hasBroadSynonym', 'skos:altLabel', 'IAO:0000118', 'official_ds_diagnosis - \nPartial Trisomy 21 (only a part of chromosome 21 is present in 3 copies)')
2025-03-30,18:35:17.210 [INFO] (base) (sqlalchemy.engine.Engine): SELECT DISTINCT statements.subject AS statements_subject 
FROM statements 
WHERE statements.predicate IN (?, ?, ?, ?, ?, ?, ?) AND statements.value LIKE ?
2025-03-30,18:35:17.210 [INFO] (base) (sqlalchemy.engine.Engine): [cached since 0.8754s ago] ('rdfs:label', 'oio:hasRelatedSynonym', 'oio:hasNarrowSynonym', 'oio:hasExactSynonym', 'oio:hasBroadSynonym', 'skos:altLabel', 'IAO:0000118', 'Other psych history')
2025-03-30,18:35:17.247 [INFO] (base) (sqlalchemy.engine.Engine): SELECT DISTINCT statements.subject AS statements_subject 
FROM statements 
WHERE statements.predicate IN (?, ?, ?, ?, ?, ?, ?) AND statements.value LIKE ?
2025-03-30,18:35:17.247 [INFO] (base) (sqlalchemy.engine.Engine): [cached since 0.912s ago] ('rdfs:label', 'oio:hasRelatedSynonym', 'oio:hasNarrowSynonym', 'oio:hasExactSynonym', 'oio:hasBroadSynonym', 'skos:altLabel', 'IAO:0000118', 'Single ventricle anomalies')
2025-03-30,18:35:17.283 [INFO] (base) (sqlalchemy.engine.Engine): SELECT DISTINCT statements.subject AS statements_subject 
FROM statements 
WHERE statements.predicate IN (?, ?, ?, ?, ?, ?, ?) AND statements.value LIKE ?
2025-03-30,18:35:17.284 [INFO] (base) (sqlalchemy.engine.Engine): [cached since 0.9488s ago] ('rdfs:label', 'oio:hasRelatedSynonym', 'oio:hasNarrowSynonym', 'oio:hasExactSynonym', 'oio:hasBroadSynonym', 'skos:altLabel', 'IAO:0000118', 'Sleep hypoxia')
2025-03-30,18:35:17.320 [INFO] (base) (sqlalchemy.engine.Engine): SELECT DISTINCT statements.subject AS statements_subject 
FROM statements 
WHERE statements.predicate IN (?, ?, ?, ?, ?, ?, ?) AND statements.value LIKE ?
2025-03-30,18:35:17.320 [INFO] (base) (sqlalchemy.engine.Engine): [cached since 0.9854s ago] ('rdfs:label', 'oio:hasRelatedSynonym', 'oio:hasNarrowSynonym', 'oio:hasExactSynonym', 'oio:hasBroadSynonym', 'skos:altLabel', 'IAO:0000118', 'Eustachian tube dysfunction')
2025-03-30,18:35:17.357 [INFO] (base) (sqlalchemy.engine.Engine): SELECT DISTINCT statements.subject AS statements_subject 
FROM statements 
WHERE statements.predicate IN (?, ?, ?, ?, ?, ?, ?) AND statements.value LIKE ?
2025-03-30,18:35:17.357 [INFO] (base) (sqlalchemy.engine.Engine): [cached since 1.022s ago] ('rdfs:label', 'oio:hasRelatedSynonym', 'oio:hasNarrowSynonym', 'oio:hasExactSynonym', 'oio:hasBroadSynonym', 'skos:altLabel', 'IAO:0000118', 'Neonatal recurrent infections')
2025-03-30,18:35:17.393 [INFO] (base) (sqlalchemy.engine.Engine): SELECT DISTINCT statements.subject AS statements_subject 
FROM statements 
WHERE statements.predicate IN (?, ?, ?, ?, ?, ?, ?) AND statements.value LIKE ?
2025-03-30,18:35:17.393 [INFO] (base) (sqlalchemy.engine.Engine): [cached since 1.059s ago] ('rdfs:label', 'oio:hasRelatedSynonym', 'oio:hasNarrowSynonym', 'oio:hasExactSynonym', 'oio:hasBroadSynonym', 'skos:altLabel', 'IAO:0000118', 'Obstructive hypoventilation')
2025-03-30,18:35:17.431 [INFO] (base) (sqlalchemy.engine.Engine): SELECT DISTINCT statements.subject AS statements_subject 
FROM statements 
WHERE statements.predicate IN (?, ?, ?, ?, ?, ?, ?) AND statements.value LIKE ?
2025-03-30,18:35:17.431 [INFO] (base) (sqlalchemy.engine.Engine): [cached since 1.096s ago] ('rdfs:label', 'oio:hasRelatedSynonym', 'oio:hasNarrowSynonym', 'oio:hasExactSynonym', 'oio:hasBroadSynonym', 'skos:altLabel', 'IAO:0000118', "Crohn's disease/Ulcerative colitis")
2025-03-30,18:35:17.467 [INFO] (base) (sqlalchemy.engine.Engine): SELECT DISTINCT statements.subject AS statements_subject 
FROM statements 
WHERE statements.predicate IN (?, ?, ?, ?, ?, ?, ?) AND statements.value LIKE ?
2025-03-30,18:35:17.467 [INFO] (base) (sqlalchemy.engine.Engine): [cached since 1.133s ago] ('rdfs:label', 'oio:hasRelatedSynonym', 'oio:hasNarrowSynonym', 'oio:hasExactSynonym', 'oio:hasBroadSynonym', 'skos:altLabel', 'IAO:0000118', 'Duodenal atresia/stenosis')
2025-03-30,18:35:17.504 [INFO] (base) (sqlalchemy.engine.Engine): SELECT DISTINCT statements.subject AS statements_subject 
FROM statements 
WHERE statements.predicate IN (?, ?, ?, ?, ?, ?, ?) AND statements.value LIKE ?
2025-03-30,18:35:17.504 [INFO] (base) (sqlalchemy.engine.Engine): [cached since 1.169s ago] ('rdfs:label', 'oio:hasRelatedSynonym', 'oio:hasNarrowSynonym', 'oio:hasExactSynonym', 'oio:hasBroadSynonym', 'skos:altLabel', 'IAO:0000118', 'Learning difficulty')
2025-03-30,18:35:17.543 [INFO] (base) (sqlalchemy.engine.Engine): SELECT DISTINCT statements.subject AS statements_subject 
FROM statements 
WHERE statements.predicate IN (?, ?, ?, ?, ?, ?, ?) AND statements.value LIKE ?
2025-03-30,18:35:17.543 [INFO] (base) (sqlalchemy.engine.Engine): [cached since 1.208s ago] ('rdfs:label', 'oio:hasRelatedSynonym', 'oio:hasNarrowSynonym', 'oio:hasExactSynonym', 'oio:hasBroadSynonym', 'skos:altLabel', 'IAO:0000118', 'Learning disorder not otherwise specified')
